#
# There is insufficient memory for the Java Runtime Environment to continue.
# Native memory allocation (malloc) failed to allocate 1172704 bytes for Chunk::new
# Possible reasons:
#   The system is out of physical RAM or swap space
#   The process is running with CompressedOops enabled, and the Java Heap may be blocking the growth of the native heap
# Possible solutions:
#   Reduce memory load on the system
#   Increase physical memory or swap space
#   Check if swap backing store is full
#   Decrease Java heap size (-Xmx/-Xms)
#   Decrease number of Java threads
#   Decrease Java thread stack sizes (-Xss)
#   Set larger code cache with -XX:ReservedCodeCacheSize=
#   JVM is running with Unscaled Compressed Oops mode in which the Java heap is
#     placed in the first 4GB address space. The Java Heap base address is the
#     maximum limit for the native heap growth. Please use -XX:HeapBaseMinAddress
#     to set the Java Heap base and to place the Java Heap above 4GB virtual address.
# This output file may be truncated or incomplete.
#
#  Out of Memory Error (arena.cpp:189), pid=17140, tid=7416
#
# JRE version: OpenJDK Runtime Environment (17.0.6) (build 17.0.6+0-b2043.56-10027231)
# Java VM: OpenJDK 64-Bit Server VM (17.0.6+0-b2043.56-10027231, mixed mode, tiered, compressed oops, compressed class ptrs, g1 gc, windows-amd64)
# No core dump will be written. Minidumps are not enabled by default on client versions of Windows
#

---------------  S U M M A R Y ------------

Command Line: --add-opens=java.base/java.util=ALL-UNNAMED --add-opens=java.base/java.lang=ALL-UNNAMED --add-opens=java.base/java.lang.invoke=ALL-UNNAMED --add-opens=java.prefs/java.util.prefs=ALL-UNNAMED --add-opens=java.base/java.nio.charset=ALL-UNNAMED --add-opens=java.base/java.net=ALL-UNNAMED --add-opens=java.base/java.util.concurrent.atomic=ALL-UNNAMED -Xmx2048m -Dfile.encoding=UTF-8 -Duser.country=PT -Duser.language=pt -Duser.variant org.gradle.launcher.daemon.bootstrap.GradleDaemon 8.0

Host: Intel(R) Core(TM) i3-10110U CPU @ 2.10GHz, 4 cores, 7G,  Windows 11 , 64 bit Build 22621 (10.0.22621.3085)
Time: Thu Jan 25 19:49:59 2024 Hora padrão Europa Central elapsed time: 12.847028 seconds (0d 0h 0m 12s)

---------------  T H R E A D  ---------------

Current thread (0x000002226c81d840):  JavaThread "C2 CompilerThread0" daemon [_thread_in_native, id=7416, stack(0x000000b878700000,0x000000b878800000)]


Current CompileTask:
C2:  12847 3860       4       groovy.lang.MetaClassImpl$1MOPIter::methodNameAction (325 bytes)

Stack: [0x000000b878700000,0x000000b878800000]
Native frames: (J=compiled Java code, j=interpreted, Vv=VM code, C=native code)
V  [jvm.dll+0x683c9a]
V  [jvm.dll+0x8427a4]
V  [jvm.dll+0x843f9e]
V  [jvm.dll+0x844603]
V  [jvm.dll+0x249b75]
V  [jvm.dll+0xabcac]
V  [jvm.dll+0xac27c]
V  [jvm.dll+0x368857]
V  [jvm.dll+0x1bced2]
V  [jvm.dll+0x21c359]
V  [jvm.dll+0x21b621]
V  [jvm.dll+0x1a4fdd]
V  [jvm.dll+0x22b098]
V  [jvm.dll+0x229159]
V  [jvm.dll+0x7f81ec]
V  [jvm.dll+0x7f274a]
V  [jvm.dll+0x682ad5]
C  [ucrtbase.dll+0x29363]
C  [KERNEL32.DLL+0x1257d]
C  [ntdll.dll+0x5aa58]


---------------  P R O C E S S  ---------------

Threads class SMR info:
_java_thread_list=0x000002227145a800, length=37, elements={
0x00000222527ac7f0, 0x000002226bd6ca50, 0x000002226bd6ef10, 0x000002226bd9c9f0,
0x000002226bd9d5a0, 0x000002226bd9e8f0, 0x000002226c81c400, 0x000002226c81d840,
0x000002226c824b30, 0x000002226c839850, 0x000002226c992d70, 0x000002226c995250,
0x000002226df73750, 0x000002226df71b20, 0x000002226ec49850, 0x000002226ec2c3a0,
0x000002226ec15070, 0x000002226df92210, 0x000002226e3c9f80, 0x000002226df8c7c0,
0x000002226df8d630, 0x000002226df8b950, 0x000002226df8d160, 0x000002226df8f310,
0x000002226df8cc90, 0x000002226df8db00, 0x000002226df8e970, 0x000002226df8c2f0,
0x000002226df8dfd0, 0x000002226df8e4a0, 0x000002226df8ee40, 0x000002226cd15480,
0x000002226cd14fb0, 0x000002226cd162f0, 0x000002226cd137a0, 0x000002226cd15e20,
0x000002226cd132d0
}

Java Threads: ( => current thread )
  0x00000222527ac7f0 JavaThread "main" [_thread_blocked, id=16812, stack(0x000000b877a00000,0x000000b877b00000)]
  0x000002226bd6ca50 JavaThread "Reference Handler" daemon [_thread_blocked, id=14040, stack(0x000000b878100000,0x000000b878200000)]
  0x000002226bd6ef10 JavaThread "Finalizer" daemon [_thread_blocked, id=8800, stack(0x000000b878200000,0x000000b878300000)]
  0x000002226bd9c9f0 JavaThread "Signal Dispatcher" daemon [_thread_blocked, id=11972, stack(0x000000b878300000,0x000000b878400000)]
  0x000002226bd9d5a0 JavaThread "Attach Listener" daemon [_thread_blocked, id=22352, stack(0x000000b878400000,0x000000b878500000)]
  0x000002226bd9e8f0 JavaThread "Service Thread" daemon [_thread_blocked, id=22224, stack(0x000000b878500000,0x000000b878600000)]
  0x000002226c81c400 JavaThread "Monitor Deflation Thread" daemon [_thread_blocked, id=15764, stack(0x000000b878600000,0x000000b878700000)]
=>0x000002226c81d840 JavaThread "C2 CompilerThread0" daemon [_thread_in_native, id=7416, stack(0x000000b878700000,0x000000b878800000)]
  0x000002226c824b30 JavaThread "C1 CompilerThread0" daemon [_thread_blocked, id=20764, stack(0x000000b878800000,0x000000b878900000)]
  0x000002226c839850 JavaThread "Sweeper thread" daemon [_thread_blocked, id=9260, stack(0x000000b878900000,0x000000b878a00000)]
  0x000002226c992d70 JavaThread "Common-Cleaner" daemon [_thread_blocked, id=18516, stack(0x000000b878a00000,0x000000b878b00000)]
  0x000002226c995250 JavaThread "Notification Thread" daemon [_thread_blocked, id=13948, stack(0x000000b878b00000,0x000000b878c00000)]
  0x000002226df73750 JavaThread "Daemon health stats" [_thread_blocked, id=10760, stack(0x000000b878d00000,0x000000b878e00000)]
  0x000002226df71b20 JavaThread "Incoming local TCP Connector on port 25648" [_thread_in_native, id=5744, stack(0x000000b879100000,0x000000b879200000)]
  0x000002226ec49850 JavaThread "Daemon periodic checks" [_thread_blocked, id=18320, stack(0x000000b879200000,0x000000b879300000)]
  0x000002226ec2c3a0 JavaThread "Daemon" [_thread_blocked, id=7032, stack(0x000000b879300000,0x000000b879400000)]
  0x000002226ec15070 JavaThread "Handler for socket connection from /127.0.0.1:25648 to /127.0.0.1:25650" [_thread_in_native, id=14092, stack(0x000000b879400000,0x000000b879500000)]
  0x000002226df92210 JavaThread "Cancel handler" [_thread_blocked, id=14028, stack(0x000000b879500000,0x000000b879600000)]
  0x000002226e3c9f80 JavaThread "Daemon worker" [_thread_in_Java, id=15052, stack(0x000000b879600000,0x000000b879700000)]
  0x000002226df8c7c0 JavaThread "Asynchronous log dispatcher for DefaultDaemonConnection: socket connection from /127.0.0.1:25648 to /127.0.0.1:25650" [_thread_blocked, id=19712, stack(0x000000b879700000,0x000000b879800000)]
  0x000002226df8d630 JavaThread "Stdin handler" [_thread_blocked, id=21812, stack(0x000000b879800000,0x000000b879900000)]
  0x000002226df8b950 JavaThread "Daemon client event forwarder" [_thread_blocked, id=18024, stack(0x000000b879900000,0x000000b879a00000)]
  0x000002226df8d160 JavaThread "Cache worker for journal cache (C:\Users\Daniela\.gradle\caches\journal-1)" [_thread_blocked, id=8384, stack(0x000000b879b00000,0x000000b879c00000)]
  0x000002226df8f310 JavaThread "File lock request listener" [_thread_in_native, id=8164, stack(0x000000b879c00000,0x000000b879d00000)]
  0x000002226df8cc90 JavaThread "Cache worker for file hash cache (C:\Users\Daniela\.gradle\caches\8.0\fileHashes)" [_thread_blocked, id=17624, stack(0x000000b879d00000,0x000000b879e00000)]
  0x000002226df8db00 JavaThread "File watcher server" daemon [_thread_in_native, id=20776, stack(0x000000b879a00000,0x000000b879b00000)]
  0x000002226df8e970 JavaThread "File watcher consumer" daemon [_thread_blocked, id=16764, stack(0x000000b879e00000,0x000000b879f00000)]
  0x000002226df8c2f0 JavaThread "Cache worker for checksums cache (C:\Users\Daniela\AndroidStudioProjects\traveljournalapp\.gradle\8.0\checksums)" [_thread_blocked, id=4340, stack(0x000000b879f00000,0x000000b87a000000)]
  0x000002226df8dfd0 JavaThread "Cache worker for cache directory md-rule (C:\Users\Daniela\.gradle\caches\8.0\md-rule)" [_thread_blocked, id=19024, stack(0x000000b87a000000,0x000000b87a100000)]
  0x000002226df8e4a0 JavaThread "Cache worker for file content cache (C:\Users\Daniela\.gradle\caches\8.0\fileContent)" [_thread_blocked, id=14600, stack(0x000000b87a100000,0x000000b87a200000)]
  0x000002226df8ee40 JavaThread "Cache worker for file hash cache (C:\Users\Daniela\AndroidStudioProjects\traveljournalapp\.gradle\8.0\fileHashes)" [_thread_blocked, id=4064, stack(0x000000b87a200000,0x000000b87a300000)]
  0x000002226cd15480 JavaThread "Cache worker for cache directory md-supplier (C:\Users\Daniela\.gradle\caches\8.0\md-supplier)" [_thread_blocked, id=7204, stack(0x000000b87a300000,0x000000b87a400000)]
  0x000002226cd14fb0 JavaThread "Cache worker for execution history cache (C:\Users\Daniela\.gradle\caches\8.0\executionHistory)" [_thread_blocked, id=17216, stack(0x000000b87a400000,0x000000b87a500000)]
  0x000002226cd162f0 JavaThread "jar transforms" [_thread_blocked, id=9568, stack(0x000000b87a500000,0x000000b87a600000)]
  0x000002226cd137a0 JavaThread "jar transforms Thread 2" [_thread_blocked, id=9660, stack(0x000000b87a600000,0x000000b87a700000)]
  0x000002226cd15e20 JavaThread "jar transforms Thread 3" [_thread_blocked, id=7996, stack(0x000000b87a800000,0x000000b87a900000)]
  0x000002226cd132d0 JavaThread "jar transforms Thread 4" [_thread_blocked, id=6956, stack(0x000000b87a900000,0x000000b87aa00000)]

Other Threads:
  0x000002226bd10800 VMThread "VM Thread" [stack: 0x000000b878000000,0x000000b878100000] [id=7780]
  0x000002226c990a40 WatcherThread [stack: 0x000000b878c00000,0x000000b878d00000] [id=9448]
  0x0000022252807d90 GCTaskThread "GC Thread#0" [stack: 0x000000b877b00000,0x000000b877c00000] [id=15120]
  0x000002226cee9b90 GCTaskThread "GC Thread#1" [stack: 0x000000b878e00000,0x000000b878f00000] [id=20796]
  0x000002226cf24e40 GCTaskThread "GC Thread#2" [stack: 0x000000b878f00000,0x000000b879000000] [id=9344]
  0x000002226d717050 GCTaskThread "GC Thread#3" [stack: 0x000000b879000000,0x000000b879100000] [id=9120]
  0x0000022252819470 ConcurrentGCThread "G1 Main Marker" [stack: 0x000000b877c00000,0x000000b877d00000] [id=11456]
  0x0000022252819e80 ConcurrentGCThread "G1 Conc#0" [stack: 0x000000b877d00000,0x000000b877e00000] [id=8044]
  0x000002226bbc00a0 ConcurrentGCThread "G1 Refine#0" [stack: 0x000000b877e00000,0x000000b877f00000] [id=12296]
  0x000002227100c4f0 ConcurrentGCThread "G1 Refine#1" [stack: 0x000000b87a700000,0x000000b87a800000] [id=20508]
  0x000002226bbc28e0 ConcurrentGCThread "G1 Service" [stack: 0x000000b877f00000,0x000000b878000000] [id=10632]

Threads with active compile tasks:
C2 CompilerThread0    12877 3860       4       groovy.lang.MetaClassImpl$1MOPIter::methodNameAction (325 bytes)

VM state: not at safepoint (normal execution)

VM Mutex/Monitor currently owned by a thread:  ([mutex/lock_event])
[0x00000222506ea8f0] SystemDictionary_lock - owner thread: 0x0000000000000000

Heap address: 0x0000000080000000, size: 2048 MB, Compressed Oops mode: 32-bit

CDS archive(s) not mapped
Compressed class space mapped at: 0x0000000100000000-0x0000000140000000, reserved size: 1073741824
Narrow klass base: 0x0000000000000000, Narrow klass shift: 3, Narrow klass range: 0x140000000

GC Precious Log:
 CPUs: 4 total, 4 available
 Memory: 8025M
 Large Page Support: Disabled
 NUMA Support: Disabled
 Compressed Oops: Enabled (32-bit)
 Heap Region Size: 1M
 Heap Min Capacity: 8M
 Heap Initial Capacity: 126M
 Heap Max Capacity: 2G
 Pre-touch: Disabled
 Parallel Workers: 4
 Concurrent Workers: 1
 Concurrent Refinement Workers: 4
 Periodic GC: Disabled

Heap:
 garbage-first heap   total 71680K, used 33632K [0x0000000080000000, 0x0000000100000000)
  region size 1024K, 7 young (7168K), 3 survivors (3072K)
 Metaspace       used 43088K, committed 43392K, reserved 1089536K
  class space    used 5640K, committed 5760K, reserved 1048576K

Heap Regions: E=young(eden), S=young(survivor), O=old, HS=humongous(starts), HC=humongous(continues), CS=collection set, F=free, OA=open archive, CA=closed archive, TAMS=top-at-mark-start (previous, next)
|   0|0x0000000080000000, 0x0000000080100000, 0x0000000080100000|100%| O|  |TAMS 0x0000000080100000, 0x0000000080000000| Untracked 
|   1|0x0000000080100000, 0x0000000080200000, 0x0000000080200000|100%| O|  |TAMS 0x0000000080200000, 0x0000000080100000| Untracked 
|   2|0x0000000080200000, 0x0000000080300000, 0x0000000080300000|100%|HS|  |TAMS 0x0000000080300000, 0x0000000080200000| Complete 
|   3|0x0000000080300000, 0x0000000080400000, 0x0000000080400000|100%|HC|  |TAMS 0x0000000080400000, 0x0000000080300000| Complete 
|   4|0x0000000080400000, 0x0000000080500000, 0x0000000080500000|100%|HC|  |TAMS 0x0000000080500000, 0x0000000080400000| Complete 
|   5|0x0000000080500000, 0x0000000080600000, 0x0000000080600000|100%|HC|  |TAMS 0x0000000080600000, 0x0000000080500000| Complete 
|   6|0x0000000080600000, 0x0000000080700000, 0x0000000080700000|100%| O|  |TAMS 0x0000000080700000, 0x0000000080600000| Untracked 
|   7|0x0000000080700000, 0x0000000080800000, 0x0000000080800000|100%| O|  |TAMS 0x0000000080800000, 0x0000000080700000| Untracked 
|   8|0x0000000080800000, 0x0000000080900000, 0x0000000080900000|100%| O|  |TAMS 0x0000000080900000, 0x0000000080800000| Untracked 
|   9|0x0000000080900000, 0x0000000080a00000, 0x0000000080a00000|100%| O|  |TAMS 0x0000000080a00000, 0x0000000080900000| Untracked 
|  10|0x0000000080a00000, 0x0000000080b00000, 0x0000000080b00000|100%| O|  |TAMS 0x0000000080b00000, 0x0000000080a00000| Untracked 
|  11|0x0000000080b00000, 0x0000000080b6bc00, 0x0000000080c00000| 42%| O|  |TAMS 0x0000000080b6bc00, 0x0000000080b00000| Untracked 
|  12|0x0000000080c00000, 0x0000000080d00000, 0x0000000080d00000|100%| O|  |TAMS 0x0000000080d00000, 0x0000000080c00000| Untracked 
|  13|0x0000000080d00000, 0x0000000080e00000, 0x0000000080e00000|100%| O|  |TAMS 0x0000000080e00000, 0x0000000080d00000| Untracked 
|  14|0x0000000080e00000, 0x0000000080f00000, 0x0000000080f00000|100%| O|  |TAMS 0x0000000080f00000, 0x0000000080e00000| Untracked 
|  15|0x0000000080f00000, 0x0000000081000000, 0x0000000081000000|100%| O|  |TAMS 0x0000000081000000, 0x0000000080f00000| Untracked 
|  16|0x0000000081000000, 0x0000000081100000, 0x0000000081100000|100%| O|  |TAMS 0x0000000081100000, 0x0000000081000000| Untracked 
|  17|0x0000000081100000, 0x0000000081200000, 0x0000000081200000|100%| O|  |TAMS 0x0000000081200000, 0x0000000081100000| Untracked 
|  18|0x0000000081200000, 0x0000000081300000, 0x0000000081300000|100%| O|  |TAMS 0x0000000081244400, 0x0000000081200000| Untracked 
|  19|0x0000000081300000, 0x0000000081400000, 0x0000000081400000|100%| O|  |TAMS 0x0000000081300000, 0x0000000081300000| Untracked 
|  20|0x0000000081400000, 0x0000000081500000, 0x0000000081500000|100%| O|  |TAMS 0x0000000081400000, 0x0000000081400000| Untracked 
|  21|0x0000000081500000, 0x0000000081600000, 0x0000000081600000|100%| O|  |TAMS 0x0000000081500000, 0x0000000081500000| Untracked 
|  22|0x0000000081600000, 0x0000000081700000, 0x0000000081700000|100%| O|  |TAMS 0x0000000081600000, 0x0000000081600000| Untracked 
|  23|0x0000000081700000, 0x0000000081800000, 0x0000000081800000|100%| O|  |TAMS 0x0000000081700000, 0x0000000081700000| Untracked 
|  24|0x0000000081800000, 0x0000000081900000, 0x0000000081900000|100%| O|  |TAMS 0x0000000081800000, 0x0000000081800000| Untracked 
|  25|0x0000000081900000, 0x0000000081900000, 0x0000000081a00000|  0%| F|  |TAMS 0x0000000081900000, 0x0000000081900000| Untracked 
|  26|0x0000000081a00000, 0x0000000081a00000, 0x0000000081b00000|  0%| F|  |TAMS 0x0000000081a00000, 0x0000000081a00000| Untracked 
|  27|0x0000000081b00000, 0x0000000081b00000, 0x0000000081c00000|  0%| F|  |TAMS 0x0000000081b00000, 0x0000000081b00000| Untracked 
|  28|0x0000000081c00000, 0x0000000081d00000, 0x0000000081d00000|100%| O|  |TAMS 0x0000000081c00000, 0x0000000081c00000| Untracked 
|  29|0x0000000081d00000, 0x0000000081e00000, 0x0000000081e00000|100%| O|  |TAMS 0x0000000081d00000, 0x0000000081d00000| Untracked 
|  30|0x0000000081e00000, 0x0000000081e6c400, 0x0000000081f00000| 42%| O|  |TAMS 0x0000000081e00000, 0x0000000081e00000| Untracked 
|  31|0x0000000081f00000, 0x0000000081f00000, 0x0000000082000000|  0%| F|  |TAMS 0x0000000081f00000, 0x0000000081f00000| Untracked 
|  32|0x0000000082000000, 0x0000000082000000, 0x0000000082100000|  0%| F|  |TAMS 0x0000000082000000, 0x0000000082000000| Untracked 
|  33|0x0000000082100000, 0x0000000082100000, 0x0000000082200000|  0%| F|  |TAMS 0x0000000082100000, 0x0000000082100000| Untracked 
|  34|0x0000000082200000, 0x0000000082200000, 0x0000000082300000|  0%| F|  |TAMS 0x0000000082200000, 0x0000000082200000| Untracked 
|  35|0x0000000082300000, 0x0000000082300000, 0x0000000082400000|  0%| F|  |TAMS 0x0000000082300000, 0x0000000082300000| Untracked 
|  36|0x0000000082400000, 0x0000000082400000, 0x0000000082500000|  0%| F|  |TAMS 0x0000000082400000, 0x0000000082400000| Untracked 
|  37|0x0000000082500000, 0x0000000082500000, 0x0000000082600000|  0%| F|  |TAMS 0x0000000082500000, 0x0000000082500000| Untracked 
|  38|0x0000000082600000, 0x0000000082600000, 0x0000000082700000|  0%| F|  |TAMS 0x0000000082600000, 0x0000000082600000| Untracked 
|  39|0x0000000082700000, 0x0000000082700000, 0x0000000082800000|  0%| F|  |TAMS 0x0000000082700000, 0x0000000082700000| Untracked 
|  40|0x0000000082800000, 0x0000000082800000, 0x0000000082900000|  0%| F|  |TAMS 0x0000000082800000, 0x0000000082800000| Untracked 
|  41|0x0000000082900000, 0x0000000082900000, 0x0000000082a00000|  0%| F|  |TAMS 0x0000000082900000, 0x0000000082900000| Untracked 
|  42|0x0000000082a00000, 0x0000000082b00000, 0x0000000082b00000|100%| S|CS|TAMS 0x0000000082a00000, 0x0000000082a00000| Complete 
|  43|0x0000000082b00000, 0x0000000082c00000, 0x0000000082c00000|100%| S|CS|TAMS 0x0000000082b00000, 0x0000000082b00000| Complete 
|  44|0x0000000082c00000, 0x0000000082d00000, 0x0000000082d00000|100%| S|CS|TAMS 0x0000000082c00000, 0x0000000082c00000| Complete 
|  45|0x0000000082d00000, 0x0000000082d00000, 0x0000000082e00000|  0%| F|  |TAMS 0x0000000082d00000, 0x0000000082d00000| Untracked 
|  46|0x0000000082e00000, 0x0000000082e00000, 0x0000000082f00000|  0%| F|  |TAMS 0x0000000082e00000, 0x0000000082e00000| Untracked 
|  47|0x0000000082f00000, 0x0000000082f00000, 0x0000000083000000|  0%| F|  |TAMS 0x0000000082f00000, 0x0000000082f00000| Untracked 
|  48|0x0000000083000000, 0x0000000083000000, 0x0000000083100000|  0%| F|  |TAMS 0x0000000083000000, 0x0000000083000000| Untracked 
|  49|0x0000000083100000, 0x0000000083100000, 0x0000000083200000|  0%| F|  |TAMS 0x0000000083100000, 0x0000000083100000| Untracked 
|  50|0x0000000083200000, 0x0000000083200000, 0x0000000083300000|  0%| F|  |TAMS 0x0000000083200000, 0x0000000083200000| Untracked 
|  51|0x0000000083300000, 0x0000000083300000, 0x0000000083400000|  0%| F|  |TAMS 0x0000000083300000, 0x0000000083300000| Untracked 
|  52|0x0000000083400000, 0x0000000083400000, 0x0000000083500000|  0%| F|  |TAMS 0x0000000083400000, 0x0000000083400000| Untracked 
|  53|0x0000000083500000, 0x0000000083500000, 0x0000000083600000|  0%| F|  |TAMS 0x0000000083500000, 0x0000000083500000| Untracked 
|  54|0x0000000083600000, 0x0000000083600000, 0x0000000083700000|  0%| F|  |TAMS 0x0000000083600000, 0x0000000083600000| Untracked 
|  55|0x0000000083700000, 0x0000000083700000, 0x0000000083800000|  0%| F|  |TAMS 0x0000000083700000, 0x0000000083700000| Untracked 
|  56|0x0000000083800000, 0x0000000083800000, 0x0000000083900000|  0%| F|  |TAMS 0x0000000083800000, 0x0000000083800000| Untracked 
|  57|0x0000000083900000, 0x0000000083900000, 0x0000000083a00000|  0%| F|  |TAMS 0x0000000083900000, 0x0000000083900000| Untracked 
|  58|0x0000000083a00000, 0x0000000083a00000, 0x0000000083b00000|  0%| F|  |TAMS 0x0000000083a00000, 0x0000000083a00000| Untracked 
|  59|0x0000000083b00000, 0x0000000083b00000, 0x0000000083c00000|  0%| F|  |TAMS 0x0000000083b00000, 0x0000000083b00000| Untracked 
|  75|0x0000000084b00000, 0x0000000084b00000, 0x0000000084c00000|  0%| F|  |TAMS 0x0000000084b00000, 0x0000000084b00000| Untracked 
|  76|0x0000000084c00000, 0x0000000084c00000, 0x0000000084d00000|  0%| F|  |TAMS 0x0000000084c00000, 0x0000000084c00000| Untracked 
|  77|0x0000000084d00000, 0x0000000084d00000, 0x0000000084e00000|  0%| F|  |TAMS 0x0000000084d00000, 0x0000000084d00000| Untracked 
|  78|0x0000000084e00000, 0x0000000084e00000, 0x0000000084f00000|  0%| F|  |TAMS 0x0000000084e00000, 0x0000000084e00000| Untracked 
|  79|0x0000000084f00000, 0x0000000084f00000, 0x0000000085000000|  0%| F|  |TAMS 0x0000000084f00000, 0x0000000084f00000| Untracked 
|  80|0x0000000085000000, 0x0000000085000000, 0x0000000085100000|  0%| F|  |TAMS 0x0000000085000000, 0x0000000085000000| Untracked 
|  81|0x0000000085100000, 0x0000000085200000, 0x0000000085200000|100%| E|  |TAMS 0x0000000085100000, 0x0000000085100000| Complete 
|  82|0x0000000085200000, 0x0000000085300000, 0x0000000085300000|100%| E|CS|TAMS 0x0000000085200000, 0x0000000085200000| Complete 
|  83|0x0000000085300000, 0x0000000085400000, 0x0000000085400000|100%| E|CS|TAMS 0x0000000085300000, 0x0000000085300000| Complete 
| 125|0x0000000087d00000, 0x0000000087e00000, 0x0000000087e00000|100%| E|CS|TAMS 0x0000000087d00000, 0x0000000087d00000| Complete 

Card table byte_map: [0x0000022265070000,0x0000022265470000] _byte_map_base: 0x0000022264c70000

Marking Bits (Prev, Next): (CMBitMap*) 0x00000222528083a0, (CMBitMap*) 0x00000222528083e0
 Prev Bits: [0x0000022265870000, 0x0000022267870000)
 Next Bits: [0x0000022267870000, 0x0000022269870000)

Polling page: 0x0000022250580000

Metaspace:

Usage:
  Non-class:     36.57 MB used.
      Class:      5.51 MB used.
       Both:     42.08 MB used.

Virtual space:
  Non-class space:       40.00 MB reserved,      36.75 MB ( 92%) committed,  5 nodes.
      Class space:        1.00 GB reserved,       5.62 MB ( <1%) committed,  1 nodes.
             Both:        1.04 GB reserved,      42.38 MB (  4%) committed. 

Chunk freelists:
   Non-Class:  2.71 MB
       Class:  2.26 MB
        Both:  4.97 MB

MaxMetaspaceSize: unlimited
CompressedClassSpaceSize: 1.00 GB
Initial GC threshold: 21.00 MB
Current GC threshold: 58.69 MB
CDS: off
MetaspaceReclaimPolicy: balanced
 - commit_granule_bytes: 65536.
 - commit_granule_words: 8192.
 - virtual_space_node_default_size: 1048576.
 - enlarge_chunks_in_place: 1.
 - new_chunks_are_fully_committed: 0.
 - uncommit_free_chunks: 1.
 - use_allocation_guard: 0.
 - handle_deallocations: 1.


Internal statistics:

num_allocs_failed_limit: 6.
num_arena_births: 342.
num_arena_deaths: 0.
num_vsnodes_births: 6.
num_vsnodes_deaths: 0.
num_space_committed: 678.
num_space_uncommitted: 0.
num_chunks_returned_to_freelist: 6.
num_chunks_taken_from_freelist: 1558.
num_chunk_merges: 6.
num_chunk_splits: 1042.
num_chunks_enlarged: 751.
num_purges: 0.
num_inconsistent_stats: 0.

CodeHeap 'non-profiled nmethods': size=120000Kb used=2097Kb max_used=2097Kb free=117903Kb
 bounds [0x000002225d740000, 0x000002225d9b0000, 0x0000022264c70000]
CodeHeap 'profiled nmethods': size=120000Kb used=8295Kb max_used=8295Kb free=111704Kb
 bounds [0x0000022255c70000, 0x0000022256490000, 0x000002225d1a0000]
CodeHeap 'non-nmethods': size=5760Kb used=2278Kb max_used=2354Kb free=3481Kb
 bounds [0x000002225d1a0000, 0x000002225d410000, 0x000002225d740000]
 total_blobs=4742 nmethods=3950 adapters=703
 compilation: enabled
              stopped_count=0, restarted_count=0
 full_count=0

Compilation events (20 events):
Event: 12.731 Thread 0x000002226c824b30 3937       3       org.objectweb.asm.Label::put (83 bytes)
Event: 12.731 Thread 0x000002226c824b30 nmethod 3937 0x000002225647ad10 code [0x000002225647af20, 0x000002225647b338]
Event: 12.731 Thread 0x000002226c824b30 3938       3       org.objectweb.asm.MethodVisitor::visitJumpInsn (17 bytes)
Event: 12.731 Thread 0x000002226c824b30 nmethod 3938 0x000002225647b510 code [0x000002225647b6c0, 0x000002225647b8c8]
Event: 12.731 Thread 0x000002226c824b30 3939       3       org.gradle.model.internal.asm.MethodVisitorScope::_INVOKEINTERFACE (12 bytes)
Event: 12.731 Thread 0x000002226c824b30 nmethod 3939 0x000002225647b990 code [0x000002225647bb20, 0x000002225647bc88]
Event: 12.742 Thread 0x000002226c824b30 3940       3       java.lang.invoke.LambdaForm::editor (5 bytes)
Event: 12.742 Thread 0x000002226c824b30 nmethod 3940 0x000002225647bd90 code [0x000002225647bf60, 0x000002225647c288]
Event: 12.742 Thread 0x000002226c824b30 3942       3       java.lang.invoke.LambdaFormEditor::getInCache (165 bytes)
Event: 12.743 Thread 0x000002226c824b30 nmethod 3942 0x000002225647c410 code [0x000002225647c680, 0x000002225647d4f8]
Event: 12.743 Thread 0x000002226c824b30 3941       3       java.lang.invoke.LambdaFormEditor::<init> (10 bytes)
Event: 12.743 Thread 0x000002226c824b30 nmethod 3941 0x000002225647d890 code [0x000002225647da20, 0x000002225647dbd8]
Event: 12.794 Thread 0x000002226c824b30 3944       3       java.lang.invoke.ClassSpecializer$SpeciesData::fieldCount (10 bytes)
Event: 12.794 Thread 0x000002226c824b30 nmethod 3944 0x000002225647dc90 code [0x000002225647de40, 0x000002225647e008]
Event: 12.809 Thread 0x000002226c824b30 3945       3       org.gradle.internal.snapshot.PathUtil::equalChars (60 bytes)
Event: 12.810 Thread 0x000002226c824b30 nmethod 3945 0x000002225647e110 code [0x000002225647e3a0, 0x000002225647ef78]
Event: 12.822 Thread 0x000002226c824b30 3946       2       java.util.ArrayList::grow (11 bytes)
Event: 12.822 Thread 0x000002226c824b30 nmethod 3946 0x000002225647f310 code [0x000002225647f4a0, 0x000002225647f5c8]
Event: 12.841 Thread 0x000002226c824b30 3947       1       com.google.common.cache.LocalCache$StrongEntry::getValueReference (5 bytes)
Event: 12.841 Thread 0x000002226c824b30 nmethod 3947 0x000002225d94b810 code [0x000002225d94b9a0, 0x000002225d94ba78]

GC Heap History (18 events):
Event: 1.039 GC heap before
{Heap before GC invocations=0 (full 0):
 garbage-first heap   total 129024K, used 12288K [0x0000000080000000, 0x0000000100000000)
  region size 1024K, 13 young (13312K), 0 survivors (0K)
 Metaspace       used 7097K, committed 7296K, reserved 1056768K
  class space    used 608K, committed 704K, reserved 1048576K
}
Event: 1.044 GC heap after
{Heap after GC invocations=1 (full 0):
 garbage-first heap   total 129024K, used 3681K [0x0000000080000000, 0x0000000100000000)
  region size 1024K, 2 young (2048K), 2 survivors (2048K)
 Metaspace       used 7097K, committed 7296K, reserved 1056768K
  class space    used 608K, committed 704K, reserved 1048576K
}
Event: 1.690 GC heap before
{Heap before GC invocations=1 (full 0):
 garbage-first heap   total 129024K, used 23137K [0x0000000080000000, 0x0000000100000000)
  region size 1024K, 17 young (17408K), 2 survivors (2048K)
 Metaspace       used 11116K, committed 11264K, reserved 1064960K
  class space    used 1163K, committed 1280K, reserved 1048576K
}
Event: 1.694 GC heap after
{Heap after GC invocations=2 (full 0):
 garbage-first heap   total 129024K, used 10605K [0x0000000080000000, 0x0000000100000000)
  region size 1024K, 3 young (3072K), 3 survivors (3072K)
 Metaspace       used 11116K, committed 11264K, reserved 1064960K
  class space    used 1163K, committed 1280K, reserved 1048576K
}
Event: 2.276 GC heap before
{Heap before GC invocations=2 (full 0):
 garbage-first heap   total 129024K, used 33133K [0x0000000080000000, 0x0000000100000000)
  region size 1024K, 24 young (24576K), 3 survivors (3072K)
 Metaspace       used 11204K, committed 11456K, reserved 1064960K
  class space    used 1164K, committed 1280K, reserved 1048576K
}
Event: 2.280 GC heap after
{Heap after GC invocations=3 (full 0):
 garbage-first heap   total 129024K, used 12719K [0x0000000080000000, 0x0000000100000000)
  region size 1024K, 2 young (2048K), 2 survivors (2048K)
 Metaspace       used 11204K, committed 11456K, reserved 1064960K
  class space    used 1164K, committed 1280K, reserved 1048576K
}
Event: 5.422 GC heap before
{Heap before GC invocations=3 (full 0):
 garbage-first heap   total 129024K, used 52655K [0x0000000080000000, 0x0000000100000000)
  region size 1024K, 42 young (43008K), 2 survivors (2048K)
 Metaspace       used 21198K, committed 21504K, reserved 1073152K
  class space    used 2567K, committed 2752K, reserved 1048576K
}
Event: 5.430 GC heap after
{Heap after GC invocations=4 (full 0):
 garbage-first heap   total 129024K, used 19143K [0x0000000080000000, 0x0000000100000000)
  region size 1024K, 9 young (9216K), 9 survivors (9216K)
 Metaspace       used 21198K, committed 21504K, reserved 1073152K
  class space    used 2567K, committed 2752K, reserved 1048576K
}
Event: 6.965 GC heap before
{Heap before GC invocations=5 (full 0):
 garbage-first heap   total 71680K, used 52935K [0x0000000080000000, 0x0000000100000000)
  region size 1024K, 42 young (43008K), 9 survivors (9216K)
 Metaspace       used 26469K, committed 26688K, reserved 1073152K
  class space    used 3482K, committed 3584K, reserved 1048576K
}
Event: 6.975 GC heap after
{Heap after GC invocations=6 (full 0):
 garbage-first heap   total 71680K, used 20507K [0x0000000080000000, 0x0000000100000000)
  region size 1024K, 3 young (3072K), 3 survivors (3072K)
 Metaspace       used 26469K, committed 26688K, reserved 1073152K
  class space    used 3482K, committed 3584K, reserved 1048576K
}
Event: 7.917 GC heap before
{Heap before GC invocations=6 (full 0):
 garbage-first heap   total 71680K, used 49179K [0x0000000080000000, 0x0000000100000000)
  region size 1024K, 31 young (31744K), 3 survivors (3072K)
 Metaspace       used 30842K, committed 31168K, reserved 1081344K
  class space    used 4198K, committed 4352K, reserved 1048576K
}
Event: 7.921 GC heap after
{Heap after GC invocations=7 (full 0):
 garbage-first heap   total 71680K, used 21957K [0x0000000080000000, 0x0000000100000000)
  region size 1024K, 4 young (4096K), 4 survivors (4096K)
 Metaspace       used 30842K, committed 31168K, reserved 1081344K
  class space    used 4198K, committed 4352K, reserved 1048576K
}
Event: 9.249 GC heap before
{Heap before GC invocations=7 (full 0):
 garbage-first heap   total 71680K, used 47557K [0x0000000080000000, 0x0000000100000000)
  region size 1024K, 30 young (30720K), 4 survivors (4096K)
 Metaspace       used 35652K, committed 35968K, reserved 1081344K
  class space    used 4875K, committed 5056K, reserved 1048576K
}
Event: 9.257 GC heap after
{Heap after GC invocations=8 (full 0):
 garbage-first heap   total 71680K, used 24176K [0x0000000080000000, 0x0000000100000000)
  region size 1024K, 4 young (4096K), 4 survivors (4096K)
 Metaspace       used 35652K, committed 35968K, reserved 1081344K
  class space    used 4875K, committed 5056K, reserved 1048576K
}
Event: 10.455 GC heap before
{Heap before GC invocations=9 (full 0):
 garbage-first heap   total 71680K, used 51824K [0x0000000080000000, 0x0000000100000000)
  region size 1024K, 32 young (32768K), 4 survivors (4096K)
 Metaspace       used 40530K, committed 40832K, reserved 1089536K
  class space    used 5364K, committed 5504K, reserved 1048576K
}
Event: 10.464 GC heap after
{Heap after GC invocations=10 (full 0):
 garbage-first heap   total 71680K, used 28551K [0x0000000080000000, 0x0000000100000000)
  region size 1024K, 4 young (4096K), 4 survivors (4096K)
 Metaspace       used 40530K, committed 40832K, reserved 1089536K
  class space    used 5364K, committed 5504K, reserved 1048576K
}
Event: 12.501 GC heap before
{Heap before GC invocations=10 (full 0):
 garbage-first heap   total 71680K, used 57223K [0x0000000080000000, 0x0000000100000000)
  region size 1024K, 29 young (29696K), 4 survivors (4096K)
 Metaspace       used 42760K, committed 43072K, reserved 1089536K
  class space    used 5577K, committed 5696K, reserved 1048576K
}
Event: 12.509 GC heap after
{Heap after GC invocations=11 (full 0):
 garbage-first heap   total 71680K, used 30560K [0x0000000080000000, 0x0000000100000000)
  region size 1024K, 3 young (3072K), 3 survivors (3072K)
 Metaspace       used 42760K, committed 43072K, reserved 1089536K
  class space    used 5577K, committed 5696K, reserved 1048576K
}

Dll operation events (2 events):
Event: 0.030 Loaded shared library C:\Program Files\Android\Android Studio\jbr\bin\java.dll
Event: 0.941 Loaded shared library C:\Program Files\Android\Android Studio\jbr\bin\verify.dll

Deoptimization events (20 events):
Event: 10.687 Thread 0x000002226e3c9f80 DEOPT PACKING pc=0x000002225d9013a4 sp=0x000000b8796f9540
Event: 10.687 Thread 0x000002226e3c9f80 DEOPT UNPACKING pc=0x000002225d1f69a3 sp=0x000000b8796f94f8 mode 2
Event: 10.949 Thread 0x000002226e3c9f80 Uncommon trap: trap_request=0xffffffde fr.pc=0x000002225d8f1d10 relative=0x00000000000004b0
Event: 10.949 Thread 0x000002226e3c9f80 Uncommon trap: reason=class_check action=maybe_recompile pc=0x000002225d8f1d10 method=java.util.regex.Pattern$Start.match(Ljava/util/regex/Matcher;ILjava/lang/CharSequence;)Z @ 44 c2
Event: 10.949 Thread 0x000002226e3c9f80 DEOPT PACKING pc=0x000002225d8f1d10 sp=0x000000b8796f9460
Event: 10.949 Thread 0x000002226e3c9f80 DEOPT UNPACKING pc=0x000002225d1f69a3 sp=0x000000b8796f9328 mode 2
Event: 10.949 Thread 0x000002226e3c9f80 Uncommon trap: trap_request=0xffffffde fr.pc=0x000002225d8f1d10 relative=0x00000000000004b0
Event: 10.950 Thread 0x000002226e3c9f80 Uncommon trap: reason=class_check action=maybe_recompile pc=0x000002225d8f1d10 method=java.util.regex.Pattern$Start.match(Ljava/util/regex/Matcher;ILjava/lang/CharSequence;)Z @ 44 c2
Event: 10.950 Thread 0x000002226e3c9f80 DEOPT PACKING pc=0x000002225d8f1d10 sp=0x000000b8796f9460
Event: 10.950 Thread 0x000002226e3c9f80 DEOPT UNPACKING pc=0x000002225d1f69a3 sp=0x000000b8796f9328 mode 2
Event: 10.952 Thread 0x000002226e3c9f80 Uncommon trap: trap_request=0xffffffde fr.pc=0x000002225d8e33f0 relative=0x0000000000000490
Event: 10.952 Thread 0x000002226e3c9f80 Uncommon trap: reason=class_check action=maybe_recompile pc=0x000002225d8e33f0 method=java.util.regex.Pattern$Start.match(Ljava/util/regex/Matcher;ILjava/lang/CharSequence;)Z @ 44 c2
Event: 10.952 Thread 0x000002226e3c9f80 DEOPT PACKING pc=0x000002225d8e33f0 sp=0x000000b8796f93f0
Event: 10.952 Thread 0x000002226e3c9f80 DEOPT UNPACKING pc=0x000002225d1f69a3 sp=0x000000b8796f9330 mode 2
Event: 11.731 Thread 0x000002226e3c9f80 DEOPT PACKING pc=0x00000222560c6254 sp=0x000000b8796fa9a0
Event: 11.732 Thread 0x000002226e3c9f80 DEOPT UNPACKING pc=0x000002225d1f7143 sp=0x000000b8796f9ef8 mode 0
Event: 11.969 Thread 0x000002226e3c9f80 DEOPT PACKING pc=0x0000022255d2a6c3 sp=0x000000b8796f9b50
Event: 11.969 Thread 0x000002226e3c9f80 DEOPT UNPACKING pc=0x000002225d1f7143 sp=0x000000b8796f9070 mode 0
Event: 12.432 Thread 0x000002226e3c9f80 DEOPT PACKING pc=0x00000222563a7f95 sp=0x000000b8796f3d80
Event: 12.432 Thread 0x000002226e3c9f80 DEOPT UNPACKING pc=0x000002225d1f7143 sp=0x000000b8796f3208 mode 0

Classes unloaded (0 events):
No events

Classes redefined (0 events):
No events

Internal exceptions (20 events):
Event: 12.319 Thread 0x000002226e3c9f80 Exception <a 'java/lang/ClassNotFoundException'{0x000000008334c910}: org/gradle/plugin/management/internal/DefaultPluginManagementSpec_DecoratedBeanInfo> (0x000000008334c910) 
thrown [s\src\hotspot\share\classfile\systemDictionary.cpp, line 256]
Event: 12.320 Thread 0x000002226e3c9f80 Exception <a 'java/lang/ClassNotFoundException'{0x0000000083361070}: org/gradle/plugin/management/internal/DefaultPluginManagementSpecBeanInfo> (0x0000000083361070) 
thrown [s\src\hotspot\share\classfile\systemDictionary.cpp, line 256]
Event: 12.323 Thread 0x000002226e3c9f80 Exception <a 'java/lang/ClassNotFoundException'{0x0000000083375b80}: org/gradle/plugin/management/internal/DefaultPluginManagementSpecCustomizer> (0x0000000083375b80) 
thrown [s\src\hotspot\share\classfile\systemDictionary.cpp, line 256]
Event: 12.328 Thread 0x000002226e3c9f80 Exception <a 'java/lang/ClassNotFoundException'{0x00000000833995e0}: org/gradle/plugin/management/internal/DefaultPluginManagementSpec_DecoratedCustomizer> (0x00000000833995e0) 
thrown [s\src\hotspot\share\classfile\systemDictionary.cpp, line 256]
Event: 12.428 Thread 0x000002226e3c9f80 Exception <a 'java/lang/ClassNotFoundException'{0x0000000082ffe8f0}: org/gradle/api/internal/artifacts/dsl/DefaultRepositoryHandler_DecoratedBeanInfo> (0x0000000082ffe8f0) 
thrown [s\src\hotspot\share\classfile\systemDictionary.cpp, line 256]
Event: 12.429 Thread 0x000002226e3c9f80 Exception <a 'java/lang/ClassNotFoundException'{0x0000000082e156a8}: org/gradle/api/internal/artifacts/dsl/DefaultRepositoryHandlerBeanInfo> (0x0000000082e156a8) 
thrown [s\src\hotspot\share\classfile\systemDictionary.cpp, line 256]
Event: 12.431 Thread 0x000002226e3c9f80 Exception <a 'java/lang/ClassNotFoundException'{0x0000000082e2c360}: org/gradle/api/internal/artifacts/DefaultArtifactRepositoryContainerBeanInfo> (0x0000000082e2c360) 
thrown [s\src\hotspot\share\classfile\systemDictionary.cpp, line 256]
Event: 12.432 Thread 0x000002226e3c9f80 Exception <a 'java/lang/ClassNotFoundException'{0x0000000082e3fe58}: org/gradle/api/internal/DefaultNamedDomainObjectListBeanInfo> (0x0000000082e3fe58) 
thrown [s\src\hotspot\share\classfile\systemDictionary.cpp, line 256]
Event: 12.433 Thread 0x000002226e3c9f80 Exception <a 'java/lang/ClassNotFoundException'{0x0000000082e53a58}: org/gradle/api/internal/DefaultNamedDomainObjectCollectionBeanInfo> (0x0000000082e53a58) 
thrown [s\src\hotspot\share\classfile\systemDictionary.cpp, line 256]
Event: 12.434 Thread 0x000002226e3c9f80 Exception <a 'java/lang/ClassNotFoundException'{0x0000000082e675b0}: org/gradle/api/internal/DefaultDomainObjectCollectionBeanInfo> (0x0000000082e675b0) 
thrown [s\src\hotspot\share\classfile\systemDictionary.cpp, line 256]
Event: 12.435 Thread 0x000002226e3c9f80 Exception <a 'java/lang/ClassNotFoundException'{0x0000000082e6dcc8}: java/util/AbstractCollectionBeanInfo> (0x0000000082e6dcc8) 
thrown [s\src\hotspot\share\classfile\systemDictionary.cpp, line 256]
Event: 12.435 Thread 0x000002226e3c9f80 Exception <a 'java/lang/ClassNotFoundException'{0x0000000082e740d8}: java/util/AbstractCollectionCustomizer> (0x0000000082e740d8) 
thrown [s\src\hotspot\share\classfile\systemDictionary.cpp, line 256]
Event: 12.443 Thread 0x000002226e3c9f80 Exception <a 'java/lang/ClassNotFoundException'{0x0000000082e910b0}: org/gradle/api/internal/DefaultDomainObjectCollectionCustomizer> (0x0000000082e910b0) 
thrown [s\src\hotspot\share\classfile\systemDictionary.cpp, line 256]
Event: 12.448 Thread 0x000002226e3c9f80 Exception <a 'java/lang/ClassNotFoundException'{0x0000000082ec5478}: org/gradle/api/internal/DefaultNamedDomainObjectCollectionCustomizer> (0x0000000082ec5478) 
thrown [s\src\hotspot\share\classfile\systemDictionary.cpp, line 256]
Event: 12.459 Thread 0x000002226e3c9f80 Exception <a 'java/lang/ClassNotFoundException'{0x0000000082d05de0}: org/gradle/api/internal/DefaultNamedDomainObjectListCustomizer> (0x0000000082d05de0) 
thrown [s\src\hotspot\share\classfile\systemDictionary.cpp, line 256]
Event: 12.470 Thread 0x000002226e3c9f80 Exception <a 'java/lang/ClassNotFoundException'{0x0000000082d37338}: org/gradle/api/internal/artifacts/DefaultArtifactRepositoryContainerCustomizer> (0x0000000082d37338) 
thrown [s\src\hotspot\share\classfile\systemDictionary.cpp, line 256]
Event: 12.479 Thread 0x000002226e3c9f80 Exception <a 'java/lang/ClassNotFoundException'{0x0000000082d605f0}: org/gradle/api/internal/artifacts/dsl/DefaultRepositoryHandlerCustomizer> (0x0000000082d605f0) 
thrown [s\src\hotspot\share\classfile\systemDictionary.cpp, line 256]
Event: 12.483 Thread 0x000002226e3c9f80 Exception <a 'java/lang/ClassNotFoundException'{0x0000000082d97938}: org/gradle/api/internal/artifacts/dsl/DefaultRepositoryHandler_DecoratedCustomizer> (0x0000000082d97938) 
thrown [s\src\hotspot\share\classfile\systemDictionary.cpp, line 256]
Event: 12.792 Thread 0x000002226e3c9f80 Exception <a 'java/lang/NoSuchMethodError'{0x00000000852c7d68}: 'void java.lang.invoke.DirectMethodHandle$Holder.invokeInterface(java.lang.Object, java.lang.Object)'> (0x00000000852c7d68) 
thrown [s\src\hotspot\share\interpreter\linkResolver.cpp, line 771]
Event: 12.796 Thread 0x000002226e3c9f80 Exception <a 'java/lang/IncompatibleClassChangeError'{0x00000000852d38f8}: Found class java.lang.Object, but interface was expected> (0x00000000852d38f8) 
thrown [s\src\hotspot\share\interpreter\linkResolver.cpp, line 838]

VM Operations (20 events):
Event: 9.616 Executing VM operation: HandshakeAllThreads
Event: 9.616 Executing VM operation: HandshakeAllThreads done
Event: 9.927 Executing VM operation: HandshakeAllThreads
Event: 9.927 Executing VM operation: HandshakeAllThreads done
Event: 9.927 Executing VM operation: HandshakeAllThreads
Event: 9.927 Executing VM operation: HandshakeAllThreads done
Event: 9.937 Executing VM operation: HandshakeAllThreads
Event: 9.937 Executing VM operation: HandshakeAllThreads done
Event: 9.949 Executing VM operation: HandshakeAllThreads
Event: 9.949 Executing VM operation: HandshakeAllThreads done
Event: 9.964 Executing VM operation: HandshakeAllThreads
Event: 9.964 Executing VM operation: HandshakeAllThreads done
Event: 10.247 Executing VM operation: HandshakeAllThreads
Event: 10.247 Executing VM operation: HandshakeAllThreads done
Event: 10.455 Executing VM operation: G1CollectForAllocation
Event: 10.465 Executing VM operation: G1CollectForAllocation done
Event: 11.834 Executing VM operation: ICBufferFull
Event: 11.835 Executing VM operation: ICBufferFull done
Event: 12.501 Executing VM operation: G1CollectForAllocation
Event: 12.509 Executing VM operation: G1CollectForAllocation done

Events (20 events):
Event: 10.959 loading class com/sun/beans/finder/FinderUtils
Event: 10.959 loading class com/sun/beans/finder/FinderUtils done
Event: 11.147 loading class sun/reflect/MagicAccessorImpl
Event: 11.147 loading class sun/reflect/MagicAccessorImpl done
Event: 11.719 loading class jdk/internal/reflect/UnsafeStaticIntegerFieldAccessorImpl
Event: 11.720 loading class jdk/internal/reflect/UnsafeStaticIntegerFieldAccessorImpl done
Event: 11.942 Thread 0x000002226cd15e20 Thread added: 0x000002226cd15e20
Event: 12.434 loading class java/util/AbstractCollectionBeanInfo
Event: 12.434 loading class java/util/AbstractCollectionBeanInfo done
Event: 12.435 loading class java/util/AbstractCollectionBeanInfo
Event: 12.435 loading class java/util/AbstractCollectionBeanInfo done
Event: 12.435 loading class java/util/AbstractCollectionCustomizer
Event: 12.435 loading class java/util/AbstractCollectionCustomizer done
Event: 12.435 loading class java/util/AbstractCollectionCustomizer
Event: 12.435 loading class java/util/AbstractCollectionCustomizer done
Event: 12.435 loading class sun/reflect/generics/tree/BooleanSignature
Event: 12.435 loading class sun/reflect/generics/tree/BooleanSignature done
Event: 12.441 loading class sun/reflect/generics/reflectiveObjects/GenericArrayTypeImpl
Event: 12.441 loading class sun/reflect/generics/reflectiveObjects/GenericArrayTypeImpl done
Event: 12.823 Thread 0x000002226cd132d0 Thread added: 0x000002226cd132d0


Dynamic libraries:
0x00007ff666050000 - 0x00007ff66605a000 	C:\Program Files\Android\Android Studio\jbr\bin\java.exe
0x00007ff82d1f0000 - 0x00007ff82d407000 	C:\WINDOWS\SYSTEM32\ntdll.dll
0x00007ff82c5b0000 - 0x00007ff82c674000 	C:\WINDOWS\System32\KERNEL32.DLL
0x00007ff82a960000 - 0x00007ff82ad06000 	C:\WINDOWS\System32\KERNELBASE.dll
0x00007ff82a680000 - 0x00007ff82a791000 	C:\WINDOWS\System32\ucrtbase.dll
0x00007fffd96d0000 - 0x00007fffd96e7000 	C:\Program Files\Android\Android Studio\jbr\bin\jli.dll
0x00007ff816bb0000 - 0x00007ff816bcb000 	C:\Program Files\Android\Android Studio\jbr\bin\VCRUNTIME140.dll
0x00007ff82c8b0000 - 0x00007ff82ca5e000 	C:\WINDOWS\System32\USER32.dll
0x00007ff82a7a0000 - 0x00007ff82a7c6000 	C:\WINDOWS\System32\win32u.dll
0x00007ff82b1a0000 - 0x00007ff82b1c9000 	C:\WINDOWS\System32\GDI32.dll
0x00007ff82a840000 - 0x00007ff82a958000 	C:\WINDOWS\System32\gdi32full.dll
0x00007ff82a530000 - 0x00007ff82a5ca000 	C:\WINDOWS\System32\msvcp_win.dll
0x00007ff814670000 - 0x00007ff814903000 	C:\WINDOWS\WinSxS\amd64_microsoft.windows.common-controls_6595b64144ccf1df_6.0.22621.2506_none_270c5ae97388e100\COMCTL32.dll
0x00007ff82c7a0000 - 0x00007ff82c847000 	C:\WINDOWS\System32\msvcrt.dll
0x00007ff82c3b0000 - 0x00007ff82c3e1000 	C:\WINDOWS\System32\IMM32.DLL
0x00007ff81aab0000 - 0x00007ff81aabc000 	C:\Program Files\Android\Android Studio\jbr\bin\vcruntime140_1.dll
0x00007ff812580000 - 0x00007ff81260d000 	C:\Program Files\Android\Android Studio\jbr\bin\msvcp140.dll
0x00007fff71650000 - 0x00007fff722be000 	C:\Program Files\Android\Android Studio\jbr\bin\server\jvm.dll
0x00007ff82c4f0000 - 0x00007ff82c5a3000 	C:\WINDOWS\System32\ADVAPI32.dll
0x00007ff82d090000 - 0x00007ff82d138000 	C:\WINDOWS\System32\sechost.dll
0x00007ff82a5d0000 - 0x00007ff82a5f8000 	C:\WINDOWS\System32\bcrypt.dll
0x00007ff82c680000 - 0x00007ff82c797000 	C:\WINDOWS\System32\RPCRT4.dll
0x00007ff828080000 - 0x00007ff8280b4000 	C:\WINDOWS\SYSTEM32\WINMM.dll
0x00007ff81f330000 - 0x00007ff81f33a000 	C:\WINDOWS\SYSTEM32\VERSION.dll
0x00007ff81af40000 - 0x00007ff81af49000 	C:\WINDOWS\SYSTEM32\WSOCK32.dll
0x00007ff82af40000 - 0x00007ff82afb1000 	C:\WINDOWS\System32\WS2_32.dll
0x00007ff829570000 - 0x00007ff829588000 	C:\WINDOWS\SYSTEM32\kernel.appcore.dll
0x00007ff80ca80000 - 0x00007ff80ca8a000 	C:\Program Files\Android\Android Studio\jbr\bin\jimage.dll
0x00007ff827b80000 - 0x00007ff827db3000 	C:\WINDOWS\SYSTEM32\DBGHELP.DLL
0x00007ff82b1d0000 - 0x00007ff82b559000 	C:\WINDOWS\System32\combase.dll
0x00007ff82ce10000 - 0x00007ff82cee7000 	C:\WINDOWS\System32\OLEAUT32.dll
0x00007ff80f140000 - 0x00007ff80f172000 	C:\WINDOWS\SYSTEM32\dbgcore.DLL
0x00007ff82a600000 - 0x00007ff82a67a000 	C:\WINDOWS\System32\bcryptPrimitives.dll
0x00007fffffc20000 - 0x00007fffffc45000 	C:\Program Files\Android\Android Studio\jbr\bin\java.dll
0x00007ffff62f0000 - 0x00007ffff6308000 	C:\Program Files\Android\Android Studio\jbr\bin\zip.dll
0x00007ff82bae0000 - 0x00007ff82c33b000 	C:\WINDOWS\System32\SHELL32.dll
0x00007ff828490000 - 0x00007ff828d86000 	C:\WINDOWS\SYSTEM32\windows.storage.dll
0x00007ff828350000 - 0x00007ff82848e000 	C:\WINDOWS\SYSTEM32\wintypes.dll
0x00007ff82c3f0000 - 0x00007ff82c4e3000 	C:\WINDOWS\System32\SHCORE.dll
0x00007ff82c350000 - 0x00007ff82c3ae000 	C:\WINDOWS\System32\shlwapi.dll
0x00007ff82a460000 - 0x00007ff82a486000 	C:\WINDOWS\SYSTEM32\profapi.dll
0x00007ffff6290000 - 0x00007ffff62a9000 	C:\Program Files\Android\Android Studio\jbr\bin\net.dll
0x00007ff824d40000 - 0x00007ff824e77000 	C:\WINDOWS\SYSTEM32\WINHTTP.dll
0x00007ff8299f0000 - 0x00007ff829a59000 	C:\WINDOWS\system32\mswsock.dll
0x00007ffff5730000 - 0x00007ffff5746000 	C:\Program Files\Android\Android Studio\jbr\bin\nio.dll
0x00007ff80bba0000 - 0x00007ff80bbb0000 	C:\Program Files\Android\Android Studio\jbr\bin\verify.dll
0x00007ff81aac0000 - 0x00007ff81aae7000 	C:\Users\Daniela\.gradle\native\68d5fa5c4cc2d200863cafc0d521ce42e7d3e7ee720ec0a83991735586a16f82\windows-amd64\native-platform.dll
0x00007ffff4010000 - 0x00007ffff4154000 	C:\Users\Daniela\.gradle\native\e376f236ea51e6404a007f0833ffe2c6e607c4080706a723a18a27aeea778392\windows-amd64\native-platform-file-events.dll
0x00007ff80b850000 - 0x00007ff80b859000 	C:\Program Files\Android\Android Studio\jbr\bin\management.dll
0x00007ff80a730000 - 0x00007ff80a73b000 	C:\Program Files\Android\Android Studio\jbr\bin\management_ext.dll
0x00007ff82cd50000 - 0x00007ff82cd58000 	C:\WINDOWS\System32\PSAPI.DLL
0x00007ff829c40000 - 0x00007ff829c5b000 	C:\WINDOWS\SYSTEM32\CRYPTSP.dll
0x00007ff8294d0000 - 0x00007ff829505000 	C:\WINDOWS\system32\rsaenh.dll
0x00007ff829ae0000 - 0x00007ff829b0c000 	C:\WINDOWS\SYSTEM32\USERENV.dll
0x00007ff829c60000 - 0x00007ff829c6c000 	C:\WINDOWS\SYSTEM32\CRYPTBASE.dll
0x00007ff829030000 - 0x00007ff82905d000 	C:\WINDOWS\SYSTEM32\IPHLPAPI.DLL
0x00007ff82afd0000 - 0x00007ff82afd9000 	C:\WINDOWS\System32\NSI.dll
0x00007ff821c60000 - 0x00007ff821c79000 	C:\WINDOWS\SYSTEM32\dhcpcsvc6.DLL
0x00007ff821ab0000 - 0x00007ff821acf000 	C:\WINDOWS\SYSTEM32\dhcpcsvc.DLL
0x00007ff8290b0000 - 0x00007ff8291a9000 	C:\WINDOWS\SYSTEM32\DNSAPI.dll
0x00007ff80a110000 - 0x00007ff80a118000 	C:\WINDOWS\system32\wshunix.dll

dbghelp: loaded successfully - version: 4.0.5 - missing functions: none
symbol engine: initialized successfully - sym options: 0x614 - pdb path: .;C:\Program Files\Android\Android Studio\jbr\bin;C:\WINDOWS\SYSTEM32;C:\WINDOWS\WinSxS\amd64_microsoft.windows.common-controls_6595b64144ccf1df_6.0.22621.2506_none_270c5ae97388e100;C:\Program Files\Android\Android Studio\jbr\bin\server;C:\Users\Daniela\.gradle\native\68d5fa5c4cc2d200863cafc0d521ce42e7d3e7ee720ec0a83991735586a16f82\windows-amd64;C:\Users\Daniela\.gradle\native\e376f236ea51e6404a007f0833ffe2c6e607c4080706a723a18a27aeea778392\windows-amd64

VM Arguments:
jvm_args: --add-opens=java.base/java.util=ALL-UNNAMED --add-opens=java.base/java.lang=ALL-UNNAMED --add-opens=java.base/java.lang.invoke=ALL-UNNAMED --add-opens=java.prefs/java.util.prefs=ALL-UNNAMED --add-opens=java.base/java.nio.charset=ALL-UNNAMED --add-opens=java.base/java.net=ALL-UNNAMED --add-opens=java.base/java.util.concurrent.atomic=ALL-UNNAMED -Xmx2048m -Dfile.encoding=UTF-8 -Duser.country=PT -Duser.language=pt -Duser.variant 
java_command: org.gradle.launcher.daemon.bootstrap.GradleDaemon 8.0
java_class_path (initial): C:\Users\Daniela\.gradle\wrapper\dists\gradle-8.0-bin\ca5e32bp14vu59qr306oxotwh\gradle-8.0\lib\gradle-launcher-8.0.jar
Launcher Type: SUN_STANDARD

[Global flags]
     intx CICompilerCount                          = 3                                         {product} {ergonomic}
     uint ConcGCThreads                            = 1                                         {product} {ergonomic}
     uint G1ConcRefinementThreads                  = 4                                         {product} {ergonomic}
   size_t G1HeapRegionSize                         = 1048576                                   {product} {ergonomic}
    uintx GCDrainStackTargetSize                   = 64                                        {product} {ergonomic}
   size_t InitialHeapSize                          = 132120576                                 {product} {ergonomic}
   size_t MarkStackSize                            = 4194304                                   {product} {ergonomic}
   size_t MaxHeapSize                              = 2147483648                                {product} {command line}
   size_t MaxNewSize                               = 1287651328                                {product} {ergonomic}
   size_t MinHeapDeltaBytes                        = 1048576                                   {product} {ergonomic}
   size_t MinHeapSize                              = 8388608                                   {product} {ergonomic}
    uintx NonNMethodCodeHeapSize                   = 5832780                                {pd product} {ergonomic}
    uintx NonProfiledCodeHeapSize                  = 122912730                              {pd product} {ergonomic}
    uintx ProfiledCodeHeapSize                     = 122912730                              {pd product} {ergonomic}
    uintx ReservedCodeCacheSize                    = 251658240                              {pd product} {ergonomic}
     bool SegmentedCodeCache                       = true                                      {product} {ergonomic}
   size_t SoftMaxHeapSize                          = 2147483648                             {manageable} {ergonomic}
     bool UseCompressedClassPointers               = true                           {product lp64_product} {ergonomic}
     bool UseCompressedOops                        = true                           {product lp64_product} {ergonomic}
     bool UseG1GC                                  = true                                      {product} {ergonomic}
     bool UseLargePagesIndividualAllocation        = false                                  {pd product} {ergonomic}

Logging:
Log output configuration:
 #0: stdout all=warning uptime,level,tags
 #1: stderr all=off uptime,level,tags

Environment Variables:
PATH=C:\WINDOWS\system32;C:\WINDOWS;C:\WINDOWS\System32\Wbem;C:\WINDOWS\System32\WindowsPowerShell\v1.0\;C:\WINDOWS\System32\OpenSSH\;C:\Program Files\Git\cmd;C:\Program Files\nodejs\;C:\Users\Daniela\AppData\Local\Microsoft\WindowsApps;;C:\Users\Daniela\AppData\Local\Programs\Microsoft VS Code\bin;C:\Users\Daniela\AppData\Roaming\npm
USERNAME=Daniela
OS=Windows_NT
PROCESSOR_IDENTIFIER=Intel64 Family 6 Model 142 Stepping 12, GenuineIntel
TMP=C:\Users\Daniela\AppData\Local\Temp
TEMP=C:\Users\Daniela\AppData\Local\Temp


JNI global refs:
JNI global refs: 23, weak refs: 2

JNI global refs memory usage: 843, weak refs: 841


---------------  S Y S T E M  ---------------

OS:
 Windows 11 , 64 bit Build 22621 (10.0.22621.3085)
OS uptime: 1 days 17:45 hours

CPU: total 4 (initial active 4) (2 cores per cpu, 2 threads per core) family 6 model 142 stepping 12 microcode 0xde, cx8, cmov, fxsr, ht, mmx, 3dnowpref, sse, sse2, sse3, ssse3, sse4.1, sse4.2, popcnt, lzcnt, tsc, tscinvbit, avx, avx2, aes, erms, clmul, bmi1, bmi2, adx, fma, vzeroupper, clflush, clflushopt

Memory: 4k page, system-wide physical 8025M (265M free)
TotalPageFile size 21191M (AvailPageFile size 6M)
current process WorkingSet (physical memory assigned to process): 206M, peak: 210M
current process commit charge ("private bytes"): 233M, peak: 240M

vm_info: OpenJDK 64-Bit Server VM (17.0.6+0-b2043.56-10027231) for windows-amd64 JRE (17.0.6+0-b2043.56-10027231), built on Apr 28 2023 00:43:19 by "androidbuild" with MS VC++ 16.10 / 16.11 (VS2019)

END.
