#
# There is insufficient memory for the Java Runtime Environment to continue.
# Native memory allocation (malloc) failed to allocate 1348976 bytes for Chunk::new
# Possible reasons:
#   The system is out of physical RAM or swap space
#   The process is running with CompressedOops enabled, and the Java Heap may be blocking the growth of the native heap
# Possible solutions:
#   Reduce memory load on the system
#   Increase physical memory or swap space
#   Check if swap backing store is full
#   Decrease Java heap size (-Xmx/-Xms)
#   Decrease number of Java threads
#   Decrease Java thread stack sizes (-Xss)
#   Set larger code cache with -XX:ReservedCodeCacheSize=
#   JVM is running with Unscaled Compressed Oops mode in which the Java heap is
#     placed in the first 4GB address space. The Java Heap base address is the
#     maximum limit for the native heap growth. Please use -XX:HeapBaseMinAddress
#     to set the Java Heap base and to place the Java Heap above 4GB virtual address.
# This output file may be truncated or incomplete.
#
#  Out of Memory Error (arena.cpp:189), pid=14544, tid=21612
#
# JRE version: OpenJDK Runtime Environment (17.0.6) (build 17.0.6+0-b2043.56-10027231)
# Java VM: OpenJDK 64-Bit Server VM (17.0.6+0-b2043.56-10027231, mixed mode, tiered, compressed oops, compressed class ptrs, g1 gc, windows-amd64)
# No core dump will be written. Minidumps are not enabled by default on client versions of Windows
#

---------------  S U M M A R Y ------------

Command Line: --add-opens=java.base/java.util=ALL-UNNAMED --add-opens=java.base/java.lang=ALL-UNNAMED --add-opens=java.base/java.lang.invoke=ALL-UNNAMED --add-opens=java.prefs/java.util.prefs=ALL-UNNAMED --add-opens=java.base/java.nio.charset=ALL-UNNAMED --add-opens=java.base/java.net=ALL-UNNAMED --add-opens=java.base/java.util.concurrent.atomic=ALL-UNNAMED -Xmx2048m -Dfile.encoding=UTF-8 -Duser.country=PT -Duser.language=pt -Duser.variant org.gradle.launcher.daemon.bootstrap.GradleDaemon 8.0

Host: Intel(R) Core(TM) i3-10110U CPU @ 2.10GHz, 4 cores, 7G,  Windows 11 , 64 bit Build 22621 (10.0.22621.3085)
Time: Thu Jan 25 19:51:12 2024 Hora padrão Europa Central elapsed time: 44.009890 seconds (0d 0h 0m 44s)

---------------  T H R E A D  ---------------

Current thread (0x00000287ee022c50):  JavaThread "C2 CompilerThread0" daemon [_thread_in_native, id=21612, stack(0x000000fe40300000,0x000000fe40400000)]


Current CompileTask:
C2:  44009 13276   !   4       java.nio.file.FileTreeWalker::visit (204 bytes)

Stack: [0x000000fe40300000,0x000000fe40400000]
Native frames: (J=compiled Java code, j=interpreted, Vv=VM code, C=native code)
V  [jvm.dll+0x683c9a]
V  [jvm.dll+0x8427a4]
V  [jvm.dll+0x843f9e]
V  [jvm.dll+0x844603]
V  [jvm.dll+0x249b75]
V  [jvm.dll+0xabcac]
V  [jvm.dll+0xac27c]
V  [jvm.dll+0x368802]
V  [jvm.dll+0x332f31]
V  [jvm.dll+0x3323da]
V  [jvm.dll+0x21c201]
V  [jvm.dll+0x21b621]
V  [jvm.dll+0x1a4fdd]
V  [jvm.dll+0x22b098]
V  [jvm.dll+0x229159]
V  [jvm.dll+0x7f81ec]
V  [jvm.dll+0x7f274a]
V  [jvm.dll+0x682ad5]
C  [ucrtbase.dll+0x29363]
C  [KERNEL32.DLL+0x1257d]
C  [ntdll.dll+0x5aa58]


---------------  P R O C E S S  ---------------

Threads class SMR info:
_java_thread_list=0x00000287f3de9d30, length=95, elements={
0x00000287d1dae000, 0x00000287ed5bd270, 0x00000287ed5be0e0, 0x00000287ed5a4280,
0x00000287ed5a5640, 0x00000287ed5a61f0, 0x00000287ed5a8bb0, 0x00000287ee022c50,
0x00000287ee08b1c0, 0x00000287ee08b7c0, 0x00000287ee141010, 0x00000287ee1434f0,
0x00000287f0aa5520, 0x00000287ef3da900, 0x00000287efbce0a0, 0x00000287f0c1f6c0,
0x00000287f115d810, 0x00000287ef500390, 0x00000287f084c8e0, 0x00000287ef351f60,
0x00000287ef3532a0, 0x00000287ef353770, 0x00000287ef3545e0, 0x00000287ef352900,
0x00000287ef353c40, 0x00000287ef354f80, 0x00000287ef354ab0, 0x00000287ef355450,
0x00000287ef352430, 0x00000287ef351a90, 0x00000287ef352dd0, 0x00000287ef354110,
0x00000287eeb54500, 0x00000287eeb57520, 0x00000287eeb5a540, 0x00000287eeb5aa10,
0x00000287eeb5aee0, 0x00000287eeb54030, 0x00000287eeb5a070, 0x00000287eeb5b880,
0x00000287eeb579f0, 0x00000287eeb55d10, 0x00000287eeb54ea0, 0x00000287eeb58d30,
0x00000287eeb55840, 0x00000287eeb55370, 0x00000287eeb561e0, 0x00000287eeb57ec0,
0x00000287eeb56b80, 0x00000287eeb57050, 0x00000287eeb566b0, 0x00000287eeb59200,
0x00000287eeb58390, 0x00000287eeb596d0, 0x00000287f2c06f00, 0x00000287f2c03540,
0x00000287f2c073d0, 0x00000287f2c00520, 0x00000287f2c01860, 0x00000287f2c02ba0,
0x00000287f2c009f0, 0x00000287f2c03a10, 0x00000287f2c05220, 0x00000287f2c01d30,
0x00000287f2c02200, 0x00000287f2c06090, 0x00000287f2c026d0, 0x00000287f2c03070,
0x00000287f2c03ee0, 0x00000287f2c043b0, 0x00000287f2bffb80, 0x00000287f2c04880,
0x00000287f2c056f0, 0x00000287f2c00ec0, 0x00000287f2c01390, 0x00000287f2c04d50,
0x00000287f2c05bc0, 0x00000287f2c06560, 0x00000287f2c06a30, 0x00000287eeb085d0,
0x00000287eeb08f70, 0x00000287eeb0c930, 0x00000287eeb09440, 0x00000287eeb0d2d0,
0x00000287eeb0bac0, 0x00000287eeb0dc70, 0x00000287eeb07290, 0x00000287eeb0b120,
0x00000287eeb0c460, 0x00000287f05c3070, 0x00000287f05c2ba0, 0x00000287f05bf6b0,
0x00000287f05c3ee0, 0x00000287f05c3540, 0x00000287f05c1d30
}

Java Threads: ( => current thread )
  0x00000287d1dae000 JavaThread "main" [_thread_blocked, id=17364, stack(0x000000fe3f600000,0x000000fe3f700000)]
  0x00000287ed5bd270 JavaThread "Reference Handler" daemon [_thread_blocked, id=14088, stack(0x000000fe3fd00000,0x000000fe3fe00000)]
  0x00000287ed5be0e0 JavaThread "Finalizer" daemon [_thread_blocked, id=9900, stack(0x000000fe3fe00000,0x000000fe3ff00000)]
  0x00000287ed5a4280 JavaThread "Signal Dispatcher" daemon [_thread_blocked, id=20436, stack(0x000000fe3ff00000,0x000000fe40000000)]
  0x00000287ed5a5640 JavaThread "Attach Listener" daemon [_thread_blocked, id=4224, stack(0x000000fe40000000,0x000000fe40100000)]
  0x00000287ed5a61f0 JavaThread "Service Thread" daemon [_thread_blocked, id=18156, stack(0x000000fe40100000,0x000000fe40200000)]
  0x00000287ed5a8bb0 JavaThread "Monitor Deflation Thread" daemon [_thread_blocked, id=7220, stack(0x000000fe40200000,0x000000fe40300000)]
=>0x00000287ee022c50 JavaThread "C2 CompilerThread0" daemon [_thread_in_native, id=21612, stack(0x000000fe40300000,0x000000fe40400000)]
  0x00000287ee08b1c0 JavaThread "C1 CompilerThread0" daemon [_thread_blocked, id=14208, stack(0x000000fe40400000,0x000000fe40500000)]
  0x00000287ee08b7c0 JavaThread "Sweeper thread" daemon [_thread_blocked, id=21840, stack(0x000000fe40500000,0x000000fe40600000)]
  0x00000287ee141010 JavaThread "Common-Cleaner" daemon [_thread_blocked, id=10028, stack(0x000000fe40600000,0x000000fe40700000)]
  0x00000287ee1434f0 JavaThread "Notification Thread" daemon [_thread_blocked, id=7832, stack(0x000000fe40700000,0x000000fe40800000)]
  0x00000287f0aa5520 JavaThread "Daemon health stats" [_thread_blocked, id=10616, stack(0x000000fe40d00000,0x000000fe40e00000)]
  0x00000287ef3da900 JavaThread "Incoming local TCP Connector on port 25788" [_thread_in_native, id=13920, stack(0x000000fe40e00000,0x000000fe40f00000)]
  0x00000287efbce0a0 JavaThread "Daemon periodic checks" [_thread_blocked, id=15116, stack(0x000000fe40f00000,0x000000fe41000000)]
  0x00000287f0c1f6c0 JavaThread "Daemon" [_thread_blocked, id=5460, stack(0x000000fe41000000,0x000000fe41100000)]
  0x00000287f115d810 JavaThread "Handler for socket connection from /127.0.0.1:25788 to /127.0.0.1:25789" [_thread_in_native, id=6700, stack(0x000000fe41100000,0x000000fe41200000)]
  0x00000287ef500390 JavaThread "Cancel handler" [_thread_blocked, id=10644, stack(0x000000fe41200000,0x000000fe41300000)]
  0x00000287f084c8e0 JavaThread "Daemon worker" [_thread_blocked, id=7092, stack(0x000000fe41300000,0x000000fe41400000)]
  0x00000287ef351f60 JavaThread "Asynchronous log dispatcher for DefaultDaemonConnection: socket connection from /127.0.0.1:25788 to /127.0.0.1:25789" [_thread_blocked, id=13956, stack(0x000000fe41400000,0x000000fe41500000)]
  0x00000287ef3532a0 JavaThread "Stdin handler" [_thread_blocked, id=8656, stack(0x000000fe41500000,0x000000fe41600000)]
  0x00000287ef353770 JavaThread "Daemon client event forwarder" [_thread_blocked, id=14528, stack(0x000000fe41600000,0x000000fe41700000)]
  0x00000287ef3545e0 JavaThread "Cache worker for journal cache (C:\Users\Daniela\.gradle\caches\journal-1)" [_thread_blocked, id=19140, stack(0x000000fe40900000,0x000000fe40a00000)]
  0x00000287ef352900 JavaThread "File lock request listener" [_thread_in_native, id=9856, stack(0x000000fe41700000,0x000000fe41800000)]
  0x00000287ef353c40 JavaThread "Cache worker for file hash cache (C:\Users\Daniela\.gradle\caches\8.0\fileHashes)" [_thread_blocked, id=13648, stack(0x000000fe41800000,0x000000fe41900000)]
  0x00000287ef354f80 JavaThread "File watcher server" daemon [_thread_in_native, id=7788, stack(0x000000fe41a00000,0x000000fe41b00000)]
  0x00000287ef354ab0 JavaThread "File watcher consumer" daemon [_thread_blocked, id=5720, stack(0x000000fe41b00000,0x000000fe41c00000)]
  0x00000287ef355450 JavaThread "Cache worker for checksums cache (C:\Users\Daniela\AndroidStudioProjects\traveljournalapp\.gradle\8.0\checksums)" [_thread_blocked, id=14788, stack(0x000000fe41c00000,0x000000fe41d00000)]
  0x00000287ef352430 JavaThread "Cache worker for cache directory md-rule (C:\Users\Daniela\.gradle\caches\8.0\md-rule)" [_thread_blocked, id=18968, stack(0x000000fe41d00000,0x000000fe41e00000)]
  0x00000287ef351a90 JavaThread "Cache worker for file content cache (C:\Users\Daniela\.gradle\caches\8.0\fileContent)" [_thread_blocked, id=6684, stack(0x000000fe41e00000,0x000000fe41f00000)]
  0x00000287ef352dd0 JavaThread "Cache worker for file hash cache (C:\Users\Daniela\AndroidStudioProjects\traveljournalapp\.gradle\8.0\fileHashes)" [_thread_blocked, id=21948, stack(0x000000fe41f00000,0x000000fe42000000)]
  0x00000287ef354110 JavaThread "Cache worker for cache directory md-supplier (C:\Users\Daniela\.gradle\caches\8.0\md-supplier)" [_thread_blocked, id=14980, stack(0x000000fe42000000,0x000000fe42100000)]
  0x00000287eeb54500 JavaThread "Cache worker for execution history cache (C:\Users\Daniela\.gradle\caches\8.0\executionHistory)" [_thread_blocked, id=22060, stack(0x000000fe42100000,0x000000fe42200000)]
  0x00000287eeb57520 JavaThread "jar transforms" [_thread_blocked, id=1588, stack(0x000000fe42200000,0x000000fe42300000)]
  0x00000287eeb5a540 JavaThread "jar transforms Thread 2" [_thread_blocked, id=15260, stack(0x000000fe42300000,0x000000fe42400000)]
  0x00000287eeb5aa10 JavaThread "jar transforms Thread 3" [_thread_blocked, id=19824, stack(0x000000fe42400000,0x000000fe42500000)]
  0x00000287eeb5aee0 JavaThread "jar transforms Thread 4" [_thread_blocked, id=6424, stack(0x000000fe42500000,0x000000fe42600000)]
  0x00000287eeb54030 JavaThread "Cache worker for dependencies-accessors (C:\Users\Daniela\AndroidStudioProjects\traveljournalapp\.gradle\8.0\dependencies-accessors)" [_thread_blocked, id=4168, stack(0x000000fe42600000,0x000000fe42700000)]
  0x00000287eeb5a070 JavaThread "Cache worker for Build Output Cleanup Cache (C:\Users\Daniela\AndroidStudioProjects\traveljournalapp\.gradle\buildOutputCleanup)" [_thread_blocked, id=19676, stack(0x000000fe42700000,0x000000fe42800000)]
  0x00000287eeb5b880 JavaThread "Unconstrained build operations" [_thread_blocked, id=11028, stack(0x000000fe41900000,0x000000fe41a00000)]
  0x00000287eeb579f0 JavaThread "Unconstrained build operations Thread 2" [_thread_blocked, id=18048, stack(0x000000fe42900000,0x000000fe42a00000)]
  0x00000287eeb55d10 JavaThread "Unconstrained build operations Thread 3" [_thread_blocked, id=12468, stack(0x000000fe42a00000,0x000000fe42b00000)]
  0x00000287eeb54ea0 JavaThread "Unconstrained build operations Thread 4" [_thread_blocked, id=19556, stack(0x000000fe42b00000,0x000000fe42c00000)]
  0x00000287eeb58d30 JavaThread "Unconstrained build operations Thread 5" [_thread_blocked, id=19120, stack(0x000000fe42c00000,0x000000fe42d00000)]
  0x00000287eeb55840 JavaThread "Unconstrained build operations Thread 6" [_thread_blocked, id=11296, stack(0x000000fe42d00000,0x000000fe42e00000)]
  0x00000287eeb55370 JavaThread "Unconstrained build operations Thread 7" [_thread_blocked, id=8492, stack(0x000000fe42e00000,0x000000fe42f00000)]
  0x00000287eeb561e0 JavaThread "Unconstrained build operations Thread 8" [_thread_blocked, id=12820, stack(0x000000fe42f00000,0x000000fe43000000)]
  0x00000287eeb57ec0 JavaThread "Unconstrained build operations Thread 9" [_thread_blocked, id=11596, stack(0x000000fe43000000,0x000000fe43100000)]
  0x00000287eeb56b80 JavaThread "Unconstrained build operations Thread 10" [_thread_blocked, id=6520, stack(0x000000fe43100000,0x000000fe43200000)]
  0x00000287eeb57050 JavaThread "Unconstrained build operations Thread 11" [_thread_blocked, id=4840, stack(0x000000fe43200000,0x000000fe43300000)]
  0x00000287eeb566b0 JavaThread "Unconstrained build operations Thread 12" [_thread_blocked, id=14520, stack(0x000000fe43300000,0x000000fe43400000)]
  0x00000287eeb59200 JavaThread "Unconstrained build operations Thread 13" [_thread_blocked, id=13280, stack(0x000000fe43400000,0x000000fe43500000)]
  0x00000287eeb58390 JavaThread "Unconstrained build operations Thread 14" [_thread_blocked, id=22292, stack(0x000000fe43500000,0x000000fe43600000)]
  0x00000287eeb596d0 JavaThread "Unconstrained build operations Thread 15" [_thread_blocked, id=20536, stack(0x000000fe43600000,0x000000fe43700000)]
  0x00000287f2c06f00 JavaThread "Unconstrained build operations Thread 16" [_thread_blocked, id=17092, stack(0x000000fe43700000,0x000000fe43800000)]
  0x00000287f2c03540 JavaThread "Unconstrained build operations Thread 17" [_thread_blocked, id=3144, stack(0x000000fe43800000,0x000000fe43900000)]
  0x00000287f2c073d0 JavaThread "Unconstrained build operations Thread 18" [_thread_blocked, id=12368, stack(0x000000fe43900000,0x000000fe43a00000)]
  0x00000287f2c00520 JavaThread "Unconstrained build operations Thread 19" [_thread_blocked, id=21032, stack(0x000000fe43a00000,0x000000fe43b00000)]
  0x00000287f2c01860 JavaThread "Unconstrained build operations Thread 20" [_thread_blocked, id=15352, stack(0x000000fe43b00000,0x000000fe43c00000)]
  0x00000287f2c02ba0 JavaThread "Unconstrained build operations Thread 21" [_thread_blocked, id=16820, stack(0x000000fe43c00000,0x000000fe43d00000)]
  0x00000287f2c009f0 JavaThread "Unconstrained build operations Thread 22" [_thread_blocked, id=10572, stack(0x000000fe43d00000,0x000000fe43e00000)]
  0x00000287f2c03a10 JavaThread "Unconstrained build operations Thread 23" [_thread_blocked, id=11792, stack(0x000000fe43e00000,0x000000fe43f00000)]
  0x00000287f2c05220 JavaThread "Unconstrained build operations Thread 24" [_thread_blocked, id=12876, stack(0x000000fe43f00000,0x000000fe44000000)]
  0x00000287f2c01d30 JavaThread "Unconstrained build operations Thread 25" [_thread_blocked, id=21184, stack(0x000000fe44000000,0x000000fe44100000)]
  0x00000287f2c02200 JavaThread "Unconstrained build operations Thread 26" [_thread_blocked, id=8648, stack(0x000000fe44100000,0x000000fe44200000)]
  0x00000287f2c06090 JavaThread "Unconstrained build operations Thread 27" [_thread_blocked, id=13556, stack(0x000000fe44200000,0x000000fe44300000)]
  0x00000287f2c026d0 JavaThread "Unconstrained build operations Thread 28" [_thread_blocked, id=14188, stack(0x000000fe44300000,0x000000fe44400000)]
  0x00000287f2c03070 JavaThread "Unconstrained build operations Thread 29" [_thread_blocked, id=20732, stack(0x000000fe44400000,0x000000fe44500000)]
  0x00000287f2c03ee0 JavaThread "Unconstrained build operations Thread 30" [_thread_blocked, id=17296, stack(0x000000fe44500000,0x000000fe44600000)]
  0x00000287f2c043b0 JavaThread "Unconstrained build operations Thread 31" [_thread_blocked, id=15960, stack(0x000000fe44600000,0x000000fe44700000)]
  0x00000287f2bffb80 JavaThread "Unconstrained build operations Thread 32" [_thread_blocked, id=4720, stack(0x000000fe44700000,0x000000fe44800000)]
  0x00000287f2c04880 JavaThread "Unconstrained build operations Thread 33" [_thread_blocked, id=10996, stack(0x000000fe44800000,0x000000fe44900000)]
  0x00000287f2c056f0 JavaThread "Unconstrained build operations Thread 34" [_thread_blocked, id=5940, stack(0x000000fe44900000,0x000000fe44a00000)]
  0x00000287f2c00ec0 JavaThread "Unconstrained build operations Thread 35" [_thread_blocked, id=9880, stack(0x000000fe44a00000,0x000000fe44b00000)]
  0x00000287f2c01390 JavaThread "Unconstrained build operations Thread 36" [_thread_blocked, id=1964, stack(0x000000fe44b00000,0x000000fe44c00000)]
  0x00000287f2c04d50 JavaThread "Unconstrained build operations Thread 37" [_thread_blocked, id=21116, stack(0x000000fe44c00000,0x000000fe44d00000)]
  0x00000287f2c05bc0 JavaThread "Unconstrained build operations Thread 38" [_thread_blocked, id=19864, stack(0x000000fe44d00000,0x000000fe44e00000)]
  0x00000287f2c06560 JavaThread "Unconstrained build operations Thread 39" [_thread_blocked, id=6220, stack(0x000000fe44e00000,0x000000fe44f00000)]
  0x00000287f2c06a30 JavaThread "Unconstrained build operations Thread 40" [_thread_blocked, id=16284, stack(0x000000fe44f00000,0x000000fe45000000)]
  0x00000287eeb085d0 JavaThread "build event listener" [_thread_blocked, id=12992, stack(0x000000fe45100000,0x000000fe45200000)]
  0x00000287eeb08f70 JavaThread "Memory manager" [_thread_blocked, id=12080, stack(0x000000fe45200000,0x000000fe45300000)]
  0x00000287eeb0c930 JavaThread "build event listener" [_thread_blocked, id=11276, stack(0x000000fe45300000,0x000000fe45400000)]
  0x00000287eeb09440 JavaThread "build event listener" [_thread_blocked, id=3812, stack(0x000000fe45400000,0x000000fe45500000)]
  0x00000287eeb0d2d0 JavaThread "included builds" [_thread_blocked, id=7332, stack(0x000000fe45500000,0x000000fe45600000)]
  0x00000287eeb0bac0 JavaThread "Execution worker" [_thread_blocked, id=21872, stack(0x000000fe45600000,0x000000fe45700000)]
  0x00000287eeb0dc70 JavaThread "Execution worker Thread 2" [_thread_blocked, id=17796, stack(0x000000fe45700000,0x000000fe45800000)]
  0x00000287eeb07290 JavaThread "Execution worker Thread 3" [_thread_blocked, id=4636, stack(0x000000fe45800000,0x000000fe45900000)]
  0x00000287eeb0b120 JavaThread "Cache worker for execution history cache (C:\Users\Daniela\AndroidStudioProjects\traveljournalapp\.gradle\8.0\executionHistory)" [_thread_blocked, id=13964, stack(0x000000fe45900000,0x000000fe45a00000)]
  0x00000287eeb0c460 JavaThread "WorkerExecutor Queue" [_thread_blocked, id=12300, stack(0x000000fe45a00000,0x000000fe45b00000)]
  0x00000287f05c3070 JavaThread "RMI Scheduler(0)" daemon [_thread_blocked, id=10940, stack(0x000000fe45b00000,0x000000fe45c00000)]
  0x00000287f05c2ba0 JavaThread "RMI RenewClean-[127.0.0.1:17072,org.jetbrains.kotlin.daemon.common.LoopbackNetworkInterface$ClientLoopbackSocketFactory@1c07389]" daemon [_thread_blocked, id=15488, stack(0x000000fe45c00000,0x000000fe45d00000)]
  0x00000287f05bf6b0 JavaThread "RMI GC Daemon" daemon [_thread_blocked, id=20284, stack(0x000000fe45d00000,0x000000fe45e00000)]
  0x00000287f05c3ee0 JavaThread "RMI TCP Accept-0" daemon [_thread_in_native, id=3444, stack(0x000000fe45e00000,0x000000fe45f00000)]
  0x00000287f05c3540 JavaThread "RMI Reaper" [_thread_blocked, id=4004, stack(0x000000fe45f00000,0x000000fe46000000)]
  0x00000287f05c1d30 JavaThread "RMI TCP Connection(1)-127.0.0.1" daemon [_thread_in_native, id=8120, stack(0x000000fe46000000,0x000000fe46100000)]

Other Threads:
  0x00000287ed597e50 VMThread "VM Thread" [stack: 0x000000fe3fc00000,0x000000fe3fd00000] [id=10248]
  0x00000287ee107630 WatcherThread [stack: 0x000000fe40800000,0x000000fe40900000] [id=21348]
  0x00000287d4036000 GCTaskThread "GC Thread#0" [stack: 0x000000fe3f700000,0x000000fe3f800000] [id=3892]
  0x00000287ee5428b0 GCTaskThread "GC Thread#1" [stack: 0x000000fe40a00000,0x000000fe40b00000] [id=8216]
  0x00000287ee4611c0 GCTaskThread "GC Thread#2" [stack: 0x000000fe40b00000,0x000000fe40c00000] [id=7644]
  0x00000287ef2b7980 GCTaskThread "GC Thread#3" [stack: 0x000000fe40c00000,0x000000fe40d00000] [id=11188]
  0x00000287d4046f40 ConcurrentGCThread "G1 Main Marker" [stack: 0x000000fe3f800000,0x000000fe3f900000] [id=11192]
  0x00000287d4047950 ConcurrentGCThread "G1 Conc#0" [stack: 0x000000fe3f900000,0x000000fe3fa00000] [id=21692]
  0x00000287ed3f24b0 ConcurrentGCThread "G1 Refine#0" [stack: 0x000000fe3fa00000,0x000000fe3fb00000] [id=964]
  0x00000287f0c7f6e0 ConcurrentGCThread "G1 Refine#1" [stack: 0x000000fe45000000,0x000000fe45100000] [id=14620]
  0x00000287d409d5b0 ConcurrentGCThread "G1 Service" [stack: 0x000000fe3fb00000,0x000000fe3fc00000] [id=6768]

Threads with active compile tasks:
C2 CompilerThread0    44048 13276   !   4       java.nio.file.FileTreeWalker::visit (204 bytes)

VM state: not at safepoint (normal execution)

VM Mutex/Monitor currently owned by a thread: None

Heap address: 0x0000000080000000, size: 2048 MB, Compressed Oops mode: 32-bit

CDS archive(s) not mapped
Compressed class space mapped at: 0x0000000100000000-0x0000000140000000, reserved size: 1073741824
Narrow klass base: 0x0000000000000000, Narrow klass shift: 3, Narrow klass range: 0x140000000

GC Precious Log:
 CPUs: 4 total, 4 available
 Memory: 8025M
 Large Page Support: Disabled
 NUMA Support: Disabled
 Compressed Oops: Enabled (32-bit)
 Heap Region Size: 1M
 Heap Min Capacity: 8M
 Heap Initial Capacity: 126M
 Heap Max Capacity: 2G
 Pre-touch: Disabled
 Parallel Workers: 4
 Concurrent Workers: 1
 Concurrent Refinement Workers: 4
 Periodic GC: Disabled

Heap:
 garbage-first heap   total 325632K, used 122698K [0x0000000080000000, 0x0000000100000000)
  region size 1024K, 18 young (18432K), 4 survivors (4096K)
 Metaspace       used 106391K, committed 107136K, reserved 1146880K
  class space    used 14493K, committed 14848K, reserved 1048576K

Heap Regions: E=young(eden), S=young(survivor), O=old, HS=humongous(starts), HC=humongous(continues), CS=collection set, F=free, OA=open archive, CA=closed archive, TAMS=top-at-mark-start (previous, next)
|   0|0x0000000080000000, 0x0000000080100000, 0x0000000080100000|100%| O|  |TAMS 0x0000000080100000, 0x0000000080000000| Untracked 
|   1|0x0000000080100000, 0x0000000080200000, 0x0000000080200000|100%| O|  |TAMS 0x0000000080200000, 0x0000000080100000| Untracked 
|   2|0x0000000080200000, 0x0000000080300000, 0x0000000080300000|100%|HS|  |TAMS 0x0000000080300000, 0x0000000080200000| Complete 
|   3|0x0000000080300000, 0x0000000080400000, 0x0000000080400000|100%|HC|  |TAMS 0x0000000080400000, 0x0000000080300000| Complete 
|   4|0x0000000080400000, 0x0000000080500000, 0x0000000080500000|100%|HC|  |TAMS 0x0000000080500000, 0x0000000080400000| Complete 
|   5|0x0000000080500000, 0x0000000080600000, 0x0000000080600000|100%|HC|  |TAMS 0x0000000080600000, 0x0000000080500000| Complete 
|   6|0x0000000080600000, 0x0000000080700000, 0x0000000080700000|100%| O|  |TAMS 0x0000000080700000, 0x0000000080600000| Untracked 
|   7|0x0000000080700000, 0x0000000080800000, 0x0000000080800000|100%| O|  |TAMS 0x0000000080800000, 0x0000000080700000| Untracked 
|   8|0x0000000080800000, 0x0000000080900000, 0x0000000080900000|100%| O|  |TAMS 0x0000000080900000, 0x0000000080800000| Untracked 
|   9|0x0000000080900000, 0x0000000080a00000, 0x0000000080a00000|100%| O|  |TAMS 0x0000000080a00000, 0x0000000080900000| Untracked 
|  10|0x0000000080a00000, 0x0000000080b00000, 0x0000000080b00000|100%| O|  |TAMS 0x0000000080b00000, 0x0000000080a00000| Untracked 
|  11|0x0000000080b00000, 0x0000000080c00000, 0x0000000080c00000|100%| O|  |TAMS 0x0000000080c00000, 0x0000000080b00000| Untracked 
|  12|0x0000000080c00000, 0x0000000080d00000, 0x0000000080d00000|100%| O|  |TAMS 0x0000000080d00000, 0x0000000080c00000| Untracked 
|  13|0x0000000080d00000, 0x0000000080e00000, 0x0000000080e00000|100%| O|  |TAMS 0x0000000080e00000, 0x0000000080d00000| Untracked 
|  14|0x0000000080e00000, 0x0000000080f00000, 0x0000000080f00000|100%| O|  |TAMS 0x0000000080f00000, 0x0000000080e00000| Untracked 
|  15|0x0000000080f00000, 0x0000000081000000, 0x0000000081000000|100%| O|  |TAMS 0x0000000081000000, 0x0000000080f00000| Untracked 
|  16|0x0000000081000000, 0x0000000081100000, 0x0000000081100000|100%| O|  |TAMS 0x0000000081100000, 0x0000000081000000| Untracked 
|  17|0x0000000081100000, 0x0000000081200000, 0x0000000081200000|100%| O|  |TAMS 0x0000000081200000, 0x0000000081100000| Untracked 
|  18|0x0000000081200000, 0x0000000081300000, 0x0000000081300000|100%| O|  |TAMS 0x0000000081300000, 0x0000000081200000| Untracked 
|  19|0x0000000081300000, 0x0000000081400000, 0x0000000081400000|100%| O|  |TAMS 0x0000000081400000, 0x0000000081300000| Untracked 
|  20|0x0000000081400000, 0x0000000081500000, 0x0000000081500000|100%| O|  |TAMS 0x0000000081500000, 0x0000000081400000| Untracked 
|  21|0x0000000081500000, 0x0000000081600000, 0x0000000081600000|100%| O|  |TAMS 0x0000000081600000, 0x0000000081500000| Untracked 
|  22|0x0000000081600000, 0x0000000081700000, 0x0000000081700000|100%| O|  |TAMS 0x0000000081700000, 0x0000000081600000| Untracked 
|  23|0x0000000081700000, 0x0000000081800000, 0x0000000081800000|100%| O|  |TAMS 0x0000000081800000, 0x0000000081700000| Untracked 
|  24|0x0000000081800000, 0x0000000081900000, 0x0000000081900000|100%| O|  |TAMS 0x0000000081900000, 0x0000000081800000| Untracked 
|  25|0x0000000081900000, 0x0000000081a00000, 0x0000000081a00000|100%| O|  |TAMS 0x0000000081a00000, 0x0000000081900000| Untracked 
|  26|0x0000000081a00000, 0x0000000081b00000, 0x0000000081b00000|100%| O|  |TAMS 0x0000000081b00000, 0x0000000081a00000| Untracked 
|  27|0x0000000081b00000, 0x0000000081c00000, 0x0000000081c00000|100%| O|  |TAMS 0x0000000081c00000, 0x0000000081b00000| Untracked 
|  28|0x0000000081c00000, 0x0000000081d00000, 0x0000000081d00000|100%| O|  |TAMS 0x0000000081d00000, 0x0000000081c00000| Untracked 
|  29|0x0000000081d00000, 0x0000000081e00000, 0x0000000081e00000|100%| O|  |TAMS 0x0000000081e00000, 0x0000000081d00000| Untracked 
|  30|0x0000000081e00000, 0x0000000081f00000, 0x0000000081f00000|100%| O|  |TAMS 0x0000000081f00000, 0x0000000081e00000| Untracked 
|  31|0x0000000081f00000, 0x0000000082000000, 0x0000000082000000|100%|HS|  |TAMS 0x0000000082000000, 0x0000000081f00000| Complete 
|  32|0x0000000082000000, 0x0000000082100000, 0x0000000082100000|100%|HS|  |TAMS 0x0000000082100000, 0x0000000082000000| Complete 
|  33|0x0000000082100000, 0x0000000082200000, 0x0000000082200000|100%|HC|  |TAMS 0x0000000082200000, 0x0000000082100000| Complete 
|  34|0x0000000082200000, 0x0000000082300000, 0x0000000082300000|100%|HS|  |TAMS 0x0000000082300000, 0x0000000082200000| Complete 
|  35|0x0000000082300000, 0x0000000082400000, 0x0000000082400000|100%|HS|  |TAMS 0x0000000082400000, 0x0000000082300000| Complete 
|  36|0x0000000082400000, 0x0000000082500000, 0x0000000082500000|100%|HS|  |TAMS 0x0000000082500000, 0x0000000082400000| Complete 
|  37|0x0000000082500000, 0x0000000082600000, 0x0000000082600000|100%|HC|  |TAMS 0x0000000082600000, 0x0000000082500000| Complete 
|  38|0x0000000082600000, 0x0000000082700000, 0x0000000082700000|100%|HC|  |TAMS 0x0000000082700000, 0x0000000082600000| Complete 
|  39|0x0000000082700000, 0x0000000082800000, 0x0000000082800000|100%|HC|  |TAMS 0x0000000082800000, 0x0000000082700000| Complete 
|  40|0x0000000082800000, 0x0000000082900000, 0x0000000082900000|100%| O|  |TAMS 0x0000000082900000, 0x0000000082800000| Untracked 
|  41|0x0000000082900000, 0x0000000082a00000, 0x0000000082a00000|100%| O|  |TAMS 0x0000000082a00000, 0x0000000082900000| Untracked 
|  42|0x0000000082a00000, 0x0000000082b00000, 0x0000000082b00000|100%| O|  |TAMS 0x0000000082b00000, 0x0000000082a00000| Untracked 
|  43|0x0000000082b00000, 0x0000000082c00000, 0x0000000082c00000|100%| O|  |TAMS 0x0000000082c00000, 0x0000000082b00000| Untracked 
|  44|0x0000000082c00000, 0x0000000082d00000, 0x0000000082d00000|100%| O|  |TAMS 0x0000000082d00000, 0x0000000082c00000| Untracked 
|  45|0x0000000082d00000, 0x0000000082e00000, 0x0000000082e00000|100%| O|  |TAMS 0x0000000082e00000, 0x0000000082d00000| Untracked 
|  46|0x0000000082e00000, 0x0000000082f00000, 0x0000000082f00000|100%| O|  |TAMS 0x0000000082f00000, 0x0000000082e00000| Untracked 
|  47|0x0000000082f00000, 0x0000000083000000, 0x0000000083000000|100%| O|  |TAMS 0x0000000083000000, 0x0000000082f00000| Untracked 
|  48|0x0000000083000000, 0x0000000083100000, 0x0000000083100000|100%| O|  |TAMS 0x0000000083100000, 0x0000000083000000| Untracked 
|  49|0x0000000083100000, 0x0000000083200000, 0x0000000083200000|100%| O|  |TAMS 0x0000000083200000, 0x0000000083100000| Untracked 
|  50|0x0000000083200000, 0x0000000083300000, 0x0000000083300000|100%| O|  |TAMS 0x0000000083300000, 0x0000000083200000| Untracked 
|  51|0x0000000083300000, 0x0000000083400000, 0x0000000083400000|100%| O|  |TAMS 0x0000000083400000, 0x0000000083300000| Untracked 
|  52|0x0000000083400000, 0x0000000083500000, 0x0000000083500000|100%| O|  |TAMS 0x0000000083500000, 0x0000000083400000| Untracked 
|  53|0x0000000083500000, 0x0000000083600000, 0x0000000083600000|100%| O|  |TAMS 0x0000000083600000, 0x0000000083500000| Untracked 
|  54|0x0000000083600000, 0x0000000083700000, 0x0000000083700000|100%| O|  |TAMS 0x0000000083700000, 0x0000000083600000| Untracked 
|  55|0x0000000083700000, 0x0000000083800000, 0x0000000083800000|100%| O|  |TAMS 0x0000000083800000, 0x0000000083700000| Untracked 
|  56|0x0000000083800000, 0x0000000083900000, 0x0000000083900000|100%| O|  |TAMS 0x0000000083900000, 0x0000000083800000| Untracked 
|  57|0x0000000083900000, 0x0000000083a00000, 0x0000000083a00000|100%| O|  |TAMS 0x0000000083a00000, 0x0000000083900000| Untracked 
|  58|0x0000000083a00000, 0x0000000083b00000, 0x0000000083b00000|100%| O|  |TAMS 0x0000000083b00000, 0x0000000083a00000| Untracked 
|  59|0x0000000083b00000, 0x0000000083c00000, 0x0000000083c00000|100%| O|  |TAMS 0x0000000083c00000, 0x0000000083b00000| Untracked 
|  60|0x0000000083c00000, 0x0000000083d00000, 0x0000000083d00000|100%| O|  |TAMS 0x0000000083d00000, 0x0000000083c00000| Untracked 
|  61|0x0000000083d00000, 0x0000000083e00000, 0x0000000083e00000|100%| O|  |TAMS 0x0000000083e00000, 0x0000000083d00000| Untracked 
|  62|0x0000000083e00000, 0x0000000083f00000, 0x0000000083f00000|100%| O|  |TAMS 0x0000000083f00000, 0x0000000083e00000| Untracked 
|  63|0x0000000083f00000, 0x0000000084000000, 0x0000000084000000|100%| O|  |TAMS 0x0000000084000000, 0x0000000083f00000| Untracked 
|  64|0x0000000084000000, 0x0000000084100000, 0x0000000084100000|100%| O|  |TAMS 0x0000000084100000, 0x0000000084000000| Untracked 
|  65|0x0000000084100000, 0x0000000084200000, 0x0000000084200000|100%| O|  |TAMS 0x0000000084200000, 0x0000000084100000| Untracked 
|  66|0x0000000084200000, 0x0000000084300000, 0x0000000084300000|100%| O|  |TAMS 0x0000000084300000, 0x0000000084200000| Untracked 
|  67|0x0000000084300000, 0x0000000084300000, 0x0000000084400000|  0%| F|  |TAMS 0x0000000084300000, 0x0000000084300000| Untracked 
|  68|0x0000000084400000, 0x0000000084500000, 0x0000000084500000|100%| O|  |TAMS 0x0000000084500000, 0x0000000084400000| Untracked 
|  69|0x0000000084500000, 0x0000000084600000, 0x0000000084600000|100%| O|  |TAMS 0x0000000084600000, 0x0000000084500000| Untracked 
|  70|0x0000000084600000, 0x0000000084700000, 0x0000000084700000|100%| O|  |TAMS 0x0000000084700000, 0x0000000084600000| Untracked 
|  71|0x0000000084700000, 0x0000000084800000, 0x0000000084800000|100%| O|  |TAMS 0x0000000084800000, 0x0000000084700000| Untracked 
|  72|0x0000000084800000, 0x0000000084900000, 0x0000000084900000|100%| O|  |TAMS 0x0000000084900000, 0x0000000084800000| Untracked 
|  73|0x0000000084900000, 0x0000000084a00000, 0x0000000084a00000|100%| O|  |TAMS 0x0000000084a00000, 0x0000000084900000| Untracked 
|  74|0x0000000084a00000, 0x0000000084b00000, 0x0000000084b00000|100%| O|  |TAMS 0x0000000084b00000, 0x0000000084a00000| Untracked 
|  75|0x0000000084b00000, 0x0000000084c00000, 0x0000000084c00000|100%| O|  |TAMS 0x0000000084c00000, 0x0000000084b00000| Untracked 
|  76|0x0000000084c00000, 0x0000000084d00000, 0x0000000084d00000|100%| O|  |TAMS 0x0000000084d00000, 0x0000000084c00000| Untracked 
|  77|0x0000000084d00000, 0x0000000084e00000, 0x0000000084e00000|100%| O|  |TAMS 0x0000000084e00000, 0x0000000084d00000| Untracked 
|  78|0x0000000084e00000, 0x0000000084f00000, 0x0000000084f00000|100%| O|  |TAMS 0x0000000084f00000, 0x0000000084e00000| Untracked 
|  79|0x0000000084f00000, 0x0000000085000000, 0x0000000085000000|100%| O|  |TAMS 0x0000000085000000, 0x0000000084f00000| Untracked 
|  80|0x0000000085000000, 0x0000000085100000, 0x0000000085100000|100%| O|  |TAMS 0x0000000085100000, 0x0000000085000000| Untracked 
|  81|0x0000000085100000, 0x0000000085200000, 0x0000000085200000|100%| O|  |TAMS 0x0000000085200000, 0x0000000085100000| Untracked 
|  82|0x0000000085200000, 0x0000000085300000, 0x0000000085300000|100%| O|  |TAMS 0x0000000085300000, 0x0000000085200000| Untracked 
|  83|0x0000000085300000, 0x0000000085400000, 0x0000000085400000|100%| O|  |TAMS 0x0000000085400000, 0x0000000085300000| Untracked 
|  84|0x0000000085400000, 0x0000000085500000, 0x0000000085500000|100%| O|  |TAMS 0x0000000085500000, 0x0000000085400000| Untracked 
|  85|0x0000000085500000, 0x0000000085600000, 0x0000000085600000|100%| O|  |TAMS 0x0000000085600000, 0x0000000085500000| Untracked 
|  86|0x0000000085600000, 0x0000000085700000, 0x0000000085700000|100%| O|  |TAMS 0x0000000085700000, 0x0000000085600000| Untracked 
|  87|0x0000000085700000, 0x0000000085800000, 0x0000000085800000|100%| O|  |TAMS 0x0000000085800000, 0x0000000085700000| Untracked 
|  88|0x0000000085800000, 0x0000000085900000, 0x0000000085900000|100%| O|  |TAMS 0x0000000085900000, 0x0000000085800000| Untracked 
|  89|0x0000000085900000, 0x0000000085a00000, 0x0000000085a00000|100%| O|  |TAMS 0x0000000085a00000, 0x0000000085900000| Untracked 
|  90|0x0000000085a00000, 0x0000000085b00000, 0x0000000085b00000|100%| O|  |TAMS 0x0000000085b00000, 0x0000000085a00000| Untracked 
|  91|0x0000000085b00000, 0x0000000085c00000, 0x0000000085c00000|100%| O|  |TAMS 0x0000000085c00000, 0x0000000085b00000| Untracked 
|  92|0x0000000085c00000, 0x0000000085d00000, 0x0000000085d00000|100%| O|  |TAMS 0x0000000085d00000, 0x0000000085c00000| Untracked 
|  93|0x0000000085d00000, 0x0000000085e00000, 0x0000000085e00000|100%| O|  |TAMS 0x0000000085d00000, 0x0000000085d00000| Untracked 
|  94|0x0000000085e00000, 0x0000000085f00000, 0x0000000085f00000|100%| O|  |TAMS 0x0000000085f00000, 0x0000000085e00000| Untracked 
|  95|0x0000000085f00000, 0x0000000086000000, 0x0000000086000000|100%| O|  |TAMS 0x0000000086000000, 0x0000000085f00000| Untracked 
|  96|0x0000000086000000, 0x0000000086100000, 0x0000000086100000|100%| O|  |TAMS 0x0000000086100000, 0x0000000086000000| Untracked 
|  97|0x0000000086100000, 0x0000000086200000, 0x0000000086200000|100%| O|  |TAMS 0x0000000086200000, 0x0000000086100000| Untracked 
|  98|0x0000000086200000, 0x0000000086300000, 0x0000000086300000|100%| O|  |TAMS 0x0000000086300000, 0x0000000086200000| Untracked 
|  99|0x0000000086300000, 0x0000000086400000, 0x0000000086400000|100%| O|  |TAMS 0x00000000863dfe00, 0x0000000086300000| Untracked 
| 100|0x0000000086400000, 0x0000000086500000, 0x0000000086500000|100%| O|  |TAMS 0x0000000086400000, 0x0000000086400000| Untracked 
| 101|0x0000000086500000, 0x0000000086600000, 0x0000000086600000|100%| O|  |TAMS 0x0000000086500000, 0x0000000086500000| Untracked 
| 102|0x0000000086600000, 0x0000000086700000, 0x0000000086700000|100%| O|  |TAMS 0x0000000086600000, 0x0000000086600000| Untracked 
| 103|0x0000000086700000, 0x0000000086800000, 0x0000000086800000|100%| O|  |TAMS 0x0000000086700000, 0x0000000086700000| Untracked 
| 104|0x0000000086800000, 0x0000000086900000, 0x0000000086900000|100%| O|  |TAMS 0x0000000086800000, 0x0000000086800000| Untracked 
| 105|0x0000000086900000, 0x00000000869c0800, 0x0000000086a00000| 75%| O|  |TAMS 0x0000000086900000, 0x0000000086900000| Untracked 
| 106|0x0000000086a00000, 0x0000000086a00000, 0x0000000086b00000|  0%| F|  |TAMS 0x0000000086a00000, 0x0000000086a00000| Untracked 
| 107|0x0000000086b00000, 0x0000000086b00000, 0x0000000086c00000|  0%| F|  |TAMS 0x0000000086b00000, 0x0000000086b00000| Untracked 
| 108|0x0000000086c00000, 0x0000000086c00000, 0x0000000086d00000|  0%| F|  |TAMS 0x0000000086c00000, 0x0000000086c00000| Untracked 
| 109|0x0000000086d00000, 0x0000000086d00000, 0x0000000086e00000|  0%| F|  |TAMS 0x0000000086d00000, 0x0000000086d00000| Untracked 
| 110|0x0000000086e00000, 0x0000000086e00000, 0x0000000086f00000|  0%| F|  |TAMS 0x0000000086e00000, 0x0000000086e00000| Untracked 
| 111|0x0000000086f00000, 0x0000000086f00000, 0x0000000087000000|  0%| F|  |TAMS 0x0000000086f00000, 0x0000000086f00000| Untracked 
| 112|0x0000000087000000, 0x0000000087000000, 0x0000000087100000|  0%| F|  |TAMS 0x0000000087000000, 0x0000000087000000| Untracked 
| 113|0x0000000087100000, 0x0000000087100000, 0x0000000087200000|  0%| F|  |TAMS 0x0000000087100000, 0x0000000087100000| Untracked 
| 114|0x0000000087200000, 0x0000000087200000, 0x0000000087300000|  0%| F|  |TAMS 0x0000000087200000, 0x0000000087200000| Untracked 
| 115|0x0000000087300000, 0x0000000087300000, 0x0000000087400000|  0%| F|  |TAMS 0x0000000087300000, 0x0000000087300000| Untracked 
| 116|0x0000000087400000, 0x0000000087400000, 0x0000000087500000|  0%| F|  |TAMS 0x0000000087400000, 0x0000000087400000| Untracked 
| 117|0x0000000087500000, 0x0000000087500000, 0x0000000087600000|  0%| F|  |TAMS 0x0000000087500000, 0x0000000087500000| Untracked 
| 118|0x0000000087600000, 0x0000000087600000, 0x0000000087700000|  0%| F|  |TAMS 0x0000000087600000, 0x0000000087600000| Untracked 
| 119|0x0000000087700000, 0x0000000087700000, 0x0000000087800000|  0%| F|  |TAMS 0x0000000087700000, 0x0000000087700000| Untracked 
| 120|0x0000000087800000, 0x0000000087800000, 0x0000000087900000|  0%| F|  |TAMS 0x0000000087800000, 0x0000000087800000| Untracked 
| 121|0x0000000087900000, 0x0000000087900000, 0x0000000087a00000|  0%| F|  |TAMS 0x0000000087900000, 0x0000000087900000| Untracked 
| 122|0x0000000087a00000, 0x0000000087a00000, 0x0000000087b00000|  0%| F|  |TAMS 0x0000000087a00000, 0x0000000087a00000| Untracked 
| 123|0x0000000087b00000, 0x0000000087b00000, 0x0000000087c00000|  0%| F|  |TAMS 0x0000000087b00000, 0x0000000087b00000| Untracked 
| 124|0x0000000087c00000, 0x0000000087c00000, 0x0000000087d00000|  0%| F|  |TAMS 0x0000000087c00000, 0x0000000087c00000| Untracked 
| 125|0x0000000087d00000, 0x0000000087d00000, 0x0000000087e00000|  0%| F|  |TAMS 0x0000000087d00000, 0x0000000087d00000| Untracked 
| 126|0x0000000087e00000, 0x0000000087e00000, 0x0000000087f00000|  0%| F|  |TAMS 0x0000000087e00000, 0x0000000087e00000| Untracked 
| 127|0x0000000087f00000, 0x0000000087f00000, 0x0000000088000000|  0%| F|  |TAMS 0x0000000087f00000, 0x0000000087f00000| Untracked 
| 128|0x0000000088000000, 0x0000000088000000, 0x0000000088100000|  0%| F|  |TAMS 0x0000000088000000, 0x0000000088000000| Untracked 
| 129|0x0000000088100000, 0x0000000088100000, 0x0000000088200000|  0%| F|  |TAMS 0x0000000088100000, 0x0000000088100000| Untracked 
| 130|0x0000000088200000, 0x0000000088200000, 0x0000000088300000|  0%| F|  |TAMS 0x0000000088200000, 0x0000000088200000| Untracked 
| 131|0x0000000088300000, 0x0000000088300000, 0x0000000088400000|  0%| F|  |TAMS 0x0000000088300000, 0x0000000088300000| Untracked 
| 132|0x0000000088400000, 0x00000000884123e8, 0x0000000088500000|  7%| S|CS|TAMS 0x0000000088400000, 0x0000000088400000| Complete 
| 133|0x0000000088500000, 0x0000000088600000, 0x0000000088600000|100%| S|CS|TAMS 0x0000000088500000, 0x0000000088500000| Complete 
| 134|0x0000000088600000, 0x0000000088700000, 0x0000000088700000|100%| S|CS|TAMS 0x0000000088600000, 0x0000000088600000| Complete 
| 135|0x0000000088700000, 0x0000000088800000, 0x0000000088800000|100%| S|CS|TAMS 0x0000000088700000, 0x0000000088700000| Complete 
| 136|0x0000000088800000, 0x0000000088800000, 0x0000000088900000|  0%| F|  |TAMS 0x0000000088800000, 0x0000000088800000| Untracked 
| 137|0x0000000088900000, 0x0000000088900000, 0x0000000088a00000|  0%| F|  |TAMS 0x0000000088900000, 0x0000000088900000| Untracked 
| 138|0x0000000088a00000, 0x0000000088a00000, 0x0000000088b00000|  0%| F|  |TAMS 0x0000000088a00000, 0x0000000088a00000| Untracked 
| 139|0x0000000088b00000, 0x0000000088b00000, 0x0000000088c00000|  0%| F|  |TAMS 0x0000000088b00000, 0x0000000088b00000| Untracked 
| 140|0x0000000088c00000, 0x0000000088c00000, 0x0000000088d00000|  0%| F|  |TAMS 0x0000000088c00000, 0x0000000088c00000| Untracked 
| 141|0x0000000088d00000, 0x0000000088d00000, 0x0000000088e00000|  0%| F|  |TAMS 0x0000000088d00000, 0x0000000088d00000| Untracked 
| 142|0x0000000088e00000, 0x0000000088e00000, 0x0000000088f00000|  0%| F|  |TAMS 0x0000000088e00000, 0x0000000088e00000| Untracked 
| 143|0x0000000088f00000, 0x0000000088f00000, 0x0000000089000000|  0%| F|  |TAMS 0x0000000088f00000, 0x0000000088f00000| Untracked 
| 144|0x0000000089000000, 0x0000000089000000, 0x0000000089100000|  0%| F|  |TAMS 0x0000000089000000, 0x0000000089000000| Untracked 
| 145|0x0000000089100000, 0x0000000089100000, 0x0000000089200000|  0%| F|  |TAMS 0x0000000089100000, 0x0000000089100000| Untracked 
| 146|0x0000000089200000, 0x0000000089200000, 0x0000000089300000|  0%| F|  |TAMS 0x0000000089200000, 0x0000000089200000| Untracked 
| 147|0x0000000089300000, 0x0000000089300000, 0x0000000089400000|  0%| F|  |TAMS 0x0000000089300000, 0x0000000089300000| Untracked 
| 148|0x0000000089400000, 0x0000000089400000, 0x0000000089500000|  0%| F|  |TAMS 0x0000000089400000, 0x0000000089400000| Untracked 
| 149|0x0000000089500000, 0x0000000089500000, 0x0000000089600000|  0%| F|  |TAMS 0x0000000089500000, 0x0000000089500000| Untracked 
| 150|0x0000000089600000, 0x0000000089600000, 0x0000000089700000|  0%| F|  |TAMS 0x0000000089600000, 0x0000000089600000| Untracked 
| 151|0x0000000089700000, 0x0000000089700000, 0x0000000089800000|  0%| F|  |TAMS 0x0000000089700000, 0x0000000089700000| Untracked 
| 152|0x0000000089800000, 0x0000000089800000, 0x0000000089900000|  0%| F|  |TAMS 0x0000000089800000, 0x0000000089800000| Untracked 
| 153|0x0000000089900000, 0x0000000089900000, 0x0000000089a00000|  0%| F|  |TAMS 0x0000000089900000, 0x0000000089900000| Untracked 
| 154|0x0000000089a00000, 0x0000000089a00000, 0x0000000089b00000|  0%| F|  |TAMS 0x0000000089a00000, 0x0000000089a00000| Untracked 
| 155|0x0000000089b00000, 0x0000000089b00000, 0x0000000089c00000|  0%| F|  |TAMS 0x0000000089b00000, 0x0000000089b00000| Untracked 
| 156|0x0000000089c00000, 0x0000000089c00000, 0x0000000089d00000|  0%| F|  |TAMS 0x0000000089c00000, 0x0000000089c00000| Untracked 
| 157|0x0000000089d00000, 0x0000000089d00000, 0x0000000089e00000|  0%| F|  |TAMS 0x0000000089d00000, 0x0000000089d00000| Untracked 
| 158|0x0000000089e00000, 0x0000000089e00000, 0x0000000089f00000|  0%| F|  |TAMS 0x0000000089e00000, 0x0000000089e00000| Untracked 
| 159|0x0000000089f00000, 0x0000000089f00000, 0x000000008a000000|  0%| F|  |TAMS 0x0000000089f00000, 0x0000000089f00000| Untracked 
| 160|0x000000008a000000, 0x000000008a000000, 0x000000008a100000|  0%| F|  |TAMS 0x000000008a000000, 0x000000008a000000| Untracked 
| 161|0x000000008a100000, 0x000000008a100000, 0x000000008a200000|  0%| F|  |TAMS 0x000000008a100000, 0x000000008a100000| Untracked 
| 162|0x000000008a200000, 0x000000008a200000, 0x000000008a300000|  0%| F|  |TAMS 0x000000008a200000, 0x000000008a200000| Untracked 
| 163|0x000000008a300000, 0x000000008a300000, 0x000000008a400000|  0%| F|  |TAMS 0x000000008a300000, 0x000000008a300000| Untracked 
| 164|0x000000008a400000, 0x000000008a400000, 0x000000008a500000|  0%| F|  |TAMS 0x000000008a400000, 0x000000008a400000| Untracked 
| 165|0x000000008a500000, 0x000000008a500000, 0x000000008a600000|  0%| F|  |TAMS 0x000000008a500000, 0x000000008a500000| Untracked 
| 166|0x000000008a600000, 0x000000008a600000, 0x000000008a700000|  0%| F|  |TAMS 0x000000008a600000, 0x000000008a600000| Untracked 
| 167|0x000000008a700000, 0x000000008a700000, 0x000000008a800000|  0%| F|  |TAMS 0x000000008a700000, 0x000000008a700000| Untracked 
| 168|0x000000008a800000, 0x000000008a800000, 0x000000008a900000|  0%| F|  |TAMS 0x000000008a800000, 0x000000008a800000| Untracked 
| 169|0x000000008a900000, 0x000000008a900000, 0x000000008aa00000|  0%| F|  |TAMS 0x000000008a900000, 0x000000008a900000| Untracked 
| 170|0x000000008aa00000, 0x000000008aa00000, 0x000000008ab00000|  0%| F|  |TAMS 0x000000008aa00000, 0x000000008aa00000| Untracked 
| 171|0x000000008ab00000, 0x000000008ab00000, 0x000000008ac00000|  0%| F|  |TAMS 0x000000008ab00000, 0x000000008ab00000| Untracked 
| 172|0x000000008ac00000, 0x000000008ac00000, 0x000000008ad00000|  0%| F|  |TAMS 0x000000008ac00000, 0x000000008ac00000| Untracked 
| 173|0x000000008ad00000, 0x000000008ad00000, 0x000000008ae00000|  0%| F|  |TAMS 0x000000008ad00000, 0x000000008ad00000| Untracked 
| 174|0x000000008ae00000, 0x000000008ae00000, 0x000000008af00000|  0%| F|  |TAMS 0x000000008ae00000, 0x000000008ae00000| Untracked 
| 175|0x000000008af00000, 0x000000008af00000, 0x000000008b000000|  0%| F|  |TAMS 0x000000008af00000, 0x000000008af00000| Untracked 
| 176|0x000000008b000000, 0x000000008b000000, 0x000000008b100000|  0%| F|  |TAMS 0x000000008b000000, 0x000000008b000000| Untracked 
| 177|0x000000008b100000, 0x000000008b100000, 0x000000008b200000|  0%| F|  |TAMS 0x000000008b100000, 0x000000008b100000| Untracked 
| 178|0x000000008b200000, 0x000000008b200000, 0x000000008b300000|  0%| F|  |TAMS 0x000000008b200000, 0x000000008b200000| Untracked 
| 179|0x000000008b300000, 0x000000008b300000, 0x000000008b400000|  0%| F|  |TAMS 0x000000008b300000, 0x000000008b300000| Untracked 
| 180|0x000000008b400000, 0x000000008b400000, 0x000000008b500000|  0%| F|  |TAMS 0x000000008b400000, 0x000000008b400000| Untracked 
| 181|0x000000008b500000, 0x000000008b500000, 0x000000008b600000|  0%| F|  |TAMS 0x000000008b500000, 0x000000008b500000| Untracked 
| 182|0x000000008b600000, 0x000000008b600000, 0x000000008b700000|  0%| F|  |TAMS 0x000000008b600000, 0x000000008b600000| Untracked 
| 183|0x000000008b700000, 0x000000008b700000, 0x000000008b800000|  0%| F|  |TAMS 0x000000008b700000, 0x000000008b700000| Untracked 
| 184|0x000000008b800000, 0x000000008b800000, 0x000000008b900000|  0%| F|  |TAMS 0x000000008b800000, 0x000000008b800000| Untracked 
| 185|0x000000008b900000, 0x000000008b900000, 0x000000008ba00000|  0%| F|  |TAMS 0x000000008b900000, 0x000000008b900000| Untracked 
| 186|0x000000008ba00000, 0x000000008ba00000, 0x000000008bb00000|  0%| F|  |TAMS 0x000000008ba00000, 0x000000008ba00000| Untracked 
| 187|0x000000008bb00000, 0x000000008bb00000, 0x000000008bc00000|  0%| F|  |TAMS 0x000000008bb00000, 0x000000008bb00000| Untracked 
| 188|0x000000008bc00000, 0x000000008bc00000, 0x000000008bd00000|  0%| F|  |TAMS 0x000000008bc00000, 0x000000008bc00000| Untracked 
| 189|0x000000008bd00000, 0x000000008bd00000, 0x000000008be00000|  0%| F|  |TAMS 0x000000008bd00000, 0x000000008bd00000| Untracked 
| 190|0x000000008be00000, 0x000000008be00000, 0x000000008bf00000|  0%| F|  |TAMS 0x000000008be00000, 0x000000008be00000| Untracked 
| 191|0x000000008bf00000, 0x000000008bf00000, 0x000000008c000000|  0%| F|  |TAMS 0x000000008bf00000, 0x000000008bf00000| Untracked 
| 192|0x000000008c000000, 0x000000008c000000, 0x000000008c100000|  0%| F|  |TAMS 0x000000008c000000, 0x000000008c000000| Untracked 
| 193|0x000000008c100000, 0x000000008c100000, 0x000000008c200000|  0%| F|  |TAMS 0x000000008c100000, 0x000000008c100000| Untracked 
| 194|0x000000008c200000, 0x000000008c200000, 0x000000008c300000|  0%| F|  |TAMS 0x000000008c200000, 0x000000008c200000| Untracked 
| 195|0x000000008c300000, 0x000000008c300000, 0x000000008c400000|  0%| F|  |TAMS 0x000000008c300000, 0x000000008c300000| Untracked 
| 196|0x000000008c400000, 0x000000008c400000, 0x000000008c500000|  0%| F|  |TAMS 0x000000008c400000, 0x000000008c400000| Untracked 
| 197|0x000000008c500000, 0x000000008c500000, 0x000000008c600000|  0%| F|  |TAMS 0x000000008c500000, 0x000000008c500000| Untracked 
| 198|0x000000008c600000, 0x000000008c600000, 0x000000008c700000|  0%| F|  |TAMS 0x000000008c600000, 0x000000008c600000| Untracked 
| 199|0x000000008c700000, 0x000000008c700000, 0x000000008c800000|  0%| F|  |TAMS 0x000000008c700000, 0x000000008c700000| Untracked 
| 200|0x000000008c800000, 0x000000008c800000, 0x000000008c900000|  0%| F|  |TAMS 0x000000008c800000, 0x000000008c800000| Untracked 
| 201|0x000000008c900000, 0x000000008c900000, 0x000000008ca00000|  0%| F|  |TAMS 0x000000008c900000, 0x000000008c900000| Untracked 
| 202|0x000000008ca00000, 0x000000008ca00000, 0x000000008cb00000|  0%| F|  |TAMS 0x000000008ca00000, 0x000000008ca00000| Untracked 
| 203|0x000000008cb00000, 0x000000008cb00000, 0x000000008cc00000|  0%| F|  |TAMS 0x000000008cb00000, 0x000000008cb00000| Untracked 
| 204|0x000000008cc00000, 0x000000008cc00000, 0x000000008cd00000|  0%| F|  |TAMS 0x000000008cc00000, 0x000000008cc00000| Untracked 
| 205|0x000000008cd00000, 0x000000008cd00000, 0x000000008ce00000|  0%| F|  |TAMS 0x000000008cd00000, 0x000000008cd00000| Untracked 
| 206|0x000000008ce00000, 0x000000008ce00000, 0x000000008cf00000|  0%| F|  |TAMS 0x000000008ce00000, 0x000000008ce00000| Untracked 
| 207|0x000000008cf00000, 0x000000008cf00000, 0x000000008d000000|  0%| F|  |TAMS 0x000000008cf00000, 0x000000008cf00000| Untracked 
| 208|0x000000008d000000, 0x000000008d000000, 0x000000008d100000|  0%| F|  |TAMS 0x000000008d000000, 0x000000008d000000| Untracked 
| 209|0x000000008d100000, 0x000000008d100000, 0x000000008d200000|  0%| F|  |TAMS 0x000000008d100000, 0x000000008d100000| Untracked 
| 210|0x000000008d200000, 0x000000008d200000, 0x000000008d300000|  0%| F|  |TAMS 0x000000008d200000, 0x000000008d200000| Untracked 
| 211|0x000000008d300000, 0x000000008d300000, 0x000000008d400000|  0%| F|  |TAMS 0x000000008d300000, 0x000000008d300000| Untracked 
| 212|0x000000008d400000, 0x000000008d400000, 0x000000008d500000|  0%| F|  |TAMS 0x000000008d400000, 0x000000008d400000| Untracked 
| 213|0x000000008d500000, 0x000000008d500000, 0x000000008d600000|  0%| F|  |TAMS 0x000000008d500000, 0x000000008d500000| Untracked 
| 214|0x000000008d600000, 0x000000008d600000, 0x000000008d700000|  0%| F|  |TAMS 0x000000008d600000, 0x000000008d600000| Untracked 
| 215|0x000000008d700000, 0x000000008d700000, 0x000000008d800000|  0%| F|  |TAMS 0x000000008d700000, 0x000000008d700000| Untracked 
| 216|0x000000008d800000, 0x000000008d800000, 0x000000008d900000|  0%| F|  |TAMS 0x000000008d800000, 0x000000008d800000| Untracked 
| 217|0x000000008d900000, 0x000000008d900000, 0x000000008da00000|  0%| F|  |TAMS 0x000000008d900000, 0x000000008d900000| Untracked 
| 218|0x000000008da00000, 0x000000008da00000, 0x000000008db00000|  0%| F|  |TAMS 0x000000008da00000, 0x000000008da00000| Untracked 
| 219|0x000000008db00000, 0x000000008db00000, 0x000000008dc00000|  0%| F|  |TAMS 0x000000008db00000, 0x000000008db00000| Untracked 
| 220|0x000000008dc00000, 0x000000008dc00000, 0x000000008dd00000|  0%| F|  |TAMS 0x000000008dc00000, 0x000000008dc00000| Untracked 
| 221|0x000000008dd00000, 0x000000008dd00000, 0x000000008de00000|  0%| F|  |TAMS 0x000000008dd00000, 0x000000008dd00000| Untracked 
| 222|0x000000008de00000, 0x000000008de00000, 0x000000008df00000|  0%| F|  |TAMS 0x000000008de00000, 0x000000008de00000| Untracked 
| 223|0x000000008df00000, 0x000000008df00000, 0x000000008e000000|  0%| F|  |TAMS 0x000000008df00000, 0x000000008df00000| Untracked 
| 224|0x000000008e000000, 0x000000008e000000, 0x000000008e100000|  0%| F|  |TAMS 0x000000008e000000, 0x000000008e000000| Untracked 
| 225|0x000000008e100000, 0x000000008e100000, 0x000000008e200000|  0%| F|  |TAMS 0x000000008e100000, 0x000000008e100000| Untracked 
| 226|0x000000008e200000, 0x000000008e200000, 0x000000008e300000|  0%| F|  |TAMS 0x000000008e200000, 0x000000008e200000| Untracked 
| 227|0x000000008e300000, 0x000000008e300000, 0x000000008e400000|  0%| F|  |TAMS 0x000000008e300000, 0x000000008e300000| Untracked 
| 228|0x000000008e400000, 0x000000008e400000, 0x000000008e500000|  0%| F|  |TAMS 0x000000008e400000, 0x000000008e400000| Untracked 
| 229|0x000000008e500000, 0x000000008e500000, 0x000000008e600000|  0%| F|  |TAMS 0x000000008e500000, 0x000000008e500000| Untracked 
| 230|0x000000008e600000, 0x000000008e600000, 0x000000008e700000|  0%| F|  |TAMS 0x000000008e600000, 0x000000008e600000| Untracked 
| 231|0x000000008e700000, 0x000000008e700000, 0x000000008e800000|  0%| F|  |TAMS 0x000000008e700000, 0x000000008e700000| Untracked 
| 232|0x000000008e800000, 0x000000008e800000, 0x000000008e900000|  0%| F|  |TAMS 0x000000008e800000, 0x000000008e800000| Untracked 
| 233|0x000000008e900000, 0x000000008e900000, 0x000000008ea00000|  0%| F|  |TAMS 0x000000008e900000, 0x000000008e900000| Untracked 
| 234|0x000000008ea00000, 0x000000008ea00000, 0x000000008eb00000|  0%| F|  |TAMS 0x000000008ea00000, 0x000000008ea00000| Untracked 
| 235|0x000000008eb00000, 0x000000008eb00000, 0x000000008ec00000|  0%| F|  |TAMS 0x000000008eb00000, 0x000000008eb00000| Untracked 
| 236|0x000000008ec00000, 0x000000008ec00000, 0x000000008ed00000|  0%| F|  |TAMS 0x000000008ec00000, 0x000000008ec00000| Untracked 
| 237|0x000000008ed00000, 0x000000008ed00000, 0x000000008ee00000|  0%| F|  |TAMS 0x000000008ed00000, 0x000000008ed00000| Untracked 
| 238|0x000000008ee00000, 0x000000008ee00000, 0x000000008ef00000|  0%| F|  |TAMS 0x000000008ee00000, 0x000000008ee00000| Untracked 
| 239|0x000000008ef00000, 0x000000008ef00000, 0x000000008f000000|  0%| F|  |TAMS 0x000000008ef00000, 0x000000008ef00000| Untracked 
| 240|0x000000008f000000, 0x000000008f000000, 0x000000008f100000|  0%| F|  |TAMS 0x000000008f000000, 0x000000008f000000| Untracked 
| 241|0x000000008f100000, 0x000000008f100000, 0x000000008f200000|  0%| F|  |TAMS 0x000000008f100000, 0x000000008f100000| Untracked 
| 242|0x000000008f200000, 0x000000008f200000, 0x000000008f300000|  0%| F|  |TAMS 0x000000008f200000, 0x000000008f200000| Untracked 
| 243|0x000000008f300000, 0x000000008f300000, 0x000000008f400000|  0%| F|  |TAMS 0x000000008f300000, 0x000000008f300000| Untracked 
| 244|0x000000008f400000, 0x000000008f400000, 0x000000008f500000|  0%| F|  |TAMS 0x000000008f400000, 0x000000008f400000| Untracked 
| 245|0x000000008f500000, 0x000000008f500000, 0x000000008f600000|  0%| F|  |TAMS 0x000000008f500000, 0x000000008f500000| Untracked 
| 246|0x000000008f600000, 0x000000008f600000, 0x000000008f700000|  0%| F|  |TAMS 0x000000008f600000, 0x000000008f600000| Untracked 
| 247|0x000000008f700000, 0x000000008f700000, 0x000000008f800000|  0%| F|  |TAMS 0x000000008f700000, 0x000000008f700000| Untracked 
| 248|0x000000008f800000, 0x000000008f800000, 0x000000008f900000|  0%| F|  |TAMS 0x000000008f800000, 0x000000008f800000| Untracked 
| 249|0x000000008f900000, 0x000000008f900000, 0x000000008fa00000|  0%| F|  |TAMS 0x000000008f900000, 0x000000008f900000| Untracked 
| 250|0x000000008fa00000, 0x000000008fa00000, 0x000000008fb00000|  0%| F|  |TAMS 0x000000008fa00000, 0x000000008fa00000| Untracked 
| 251|0x000000008fb00000, 0x000000008fb00000, 0x000000008fc00000|  0%| F|  |TAMS 0x000000008fb00000, 0x000000008fb00000| Untracked 
| 252|0x000000008fc00000, 0x000000008fc00000, 0x000000008fd00000|  0%| F|  |TAMS 0x000000008fc00000, 0x000000008fc00000| Untracked 
| 253|0x000000008fd00000, 0x000000008fd00000, 0x000000008fe00000|  0%| F|  |TAMS 0x000000008fd00000, 0x000000008fd00000| Untracked 
| 254|0x000000008fe00000, 0x000000008fe00000, 0x000000008ff00000|  0%| F|  |TAMS 0x000000008fe00000, 0x000000008fe00000| Untracked 
| 255|0x000000008ff00000, 0x000000008ff00000, 0x0000000090000000|  0%| F|  |TAMS 0x000000008ff00000, 0x000000008ff00000| Untracked 
| 256|0x0000000090000000, 0x0000000090000000, 0x0000000090100000|  0%| F|  |TAMS 0x0000000090000000, 0x0000000090000000| Untracked 
| 257|0x0000000090100000, 0x0000000090100000, 0x0000000090200000|  0%| F|  |TAMS 0x0000000090100000, 0x0000000090100000| Untracked 
| 258|0x0000000090200000, 0x0000000090200000, 0x0000000090300000|  0%| F|  |TAMS 0x0000000090200000, 0x0000000090200000| Untracked 
| 259|0x0000000090300000, 0x0000000090300000, 0x0000000090400000|  0%| F|  |TAMS 0x0000000090300000, 0x0000000090300000| Untracked 
| 260|0x0000000090400000, 0x0000000090400000, 0x0000000090500000|  0%| F|  |TAMS 0x0000000090400000, 0x0000000090400000| Untracked 
| 261|0x0000000090500000, 0x0000000090500000, 0x0000000090600000|  0%| F|  |TAMS 0x0000000090500000, 0x0000000090500000| Untracked 
| 262|0x0000000090600000, 0x0000000090600000, 0x0000000090700000|  0%| F|  |TAMS 0x0000000090600000, 0x0000000090600000| Untracked 
| 263|0x0000000090700000, 0x0000000090700000, 0x0000000090800000|  0%| F|  |TAMS 0x0000000090700000, 0x0000000090700000| Untracked 
| 264|0x0000000090800000, 0x0000000090800000, 0x0000000090900000|  0%| F|  |TAMS 0x0000000090800000, 0x0000000090800000| Untracked 
| 265|0x0000000090900000, 0x0000000090900000, 0x0000000090a00000|  0%| F|  |TAMS 0x0000000090900000, 0x0000000090900000| Untracked 
| 266|0x0000000090a00000, 0x0000000090a00000, 0x0000000090b00000|  0%| F|  |TAMS 0x0000000090a00000, 0x0000000090a00000| Untracked 
| 267|0x0000000090b00000, 0x0000000090b00000, 0x0000000090c00000|  0%| F|  |TAMS 0x0000000090b00000, 0x0000000090b00000| Untracked 
| 268|0x0000000090c00000, 0x0000000090c00000, 0x0000000090d00000|  0%| F|  |TAMS 0x0000000090c00000, 0x0000000090c00000| Untracked 
| 269|0x0000000090d00000, 0x0000000090d00000, 0x0000000090e00000|  0%| F|  |TAMS 0x0000000090d00000, 0x0000000090d00000| Untracked 
| 270|0x0000000090e00000, 0x0000000090e00000, 0x0000000090f00000|  0%| F|  |TAMS 0x0000000090e00000, 0x0000000090e00000| Untracked 
| 271|0x0000000090f00000, 0x0000000090f00000, 0x0000000091000000|  0%| F|  |TAMS 0x0000000090f00000, 0x0000000090f00000| Untracked 
| 272|0x0000000091000000, 0x0000000091000000, 0x0000000091100000|  0%| F|  |TAMS 0x0000000091000000, 0x0000000091000000| Untracked 
| 273|0x0000000091100000, 0x0000000091100000, 0x0000000091200000|  0%| F|  |TAMS 0x0000000091100000, 0x0000000091100000| Untracked 
| 274|0x0000000091200000, 0x0000000091200000, 0x0000000091300000|  0%| F|  |TAMS 0x0000000091200000, 0x0000000091200000| Untracked 
| 275|0x0000000091300000, 0x0000000091300000, 0x0000000091400000|  0%| F|  |TAMS 0x0000000091300000, 0x0000000091300000| Untracked 
| 276|0x0000000091400000, 0x0000000091400000, 0x0000000091500000|  0%| F|  |TAMS 0x0000000091400000, 0x0000000091400000| Untracked 
| 277|0x0000000091500000, 0x0000000091500000, 0x0000000091600000|  0%| F|  |TAMS 0x0000000091500000, 0x0000000091500000| Untracked 
| 278|0x0000000091600000, 0x0000000091600000, 0x0000000091700000|  0%| F|  |TAMS 0x0000000091600000, 0x0000000091600000| Untracked 
| 279|0x0000000091700000, 0x0000000091700000, 0x0000000091800000|  0%| F|  |TAMS 0x0000000091700000, 0x0000000091700000| Untracked 
| 280|0x0000000091800000, 0x0000000091800000, 0x0000000091900000|  0%| F|  |TAMS 0x0000000091800000, 0x0000000091800000| Untracked 
| 281|0x0000000091900000, 0x0000000091900000, 0x0000000091a00000|  0%| F|  |TAMS 0x0000000091900000, 0x0000000091900000| Untracked 
| 282|0x0000000091a00000, 0x0000000091a00000, 0x0000000091b00000|  0%| F|  |TAMS 0x0000000091a00000, 0x0000000091a00000| Untracked 
| 283|0x0000000091b00000, 0x0000000091b00000, 0x0000000091c00000|  0%| F|  |TAMS 0x0000000091b00000, 0x0000000091b00000| Untracked 
| 284|0x0000000091c00000, 0x0000000091c00000, 0x0000000091d00000|  0%| F|  |TAMS 0x0000000091c00000, 0x0000000091c00000| Untracked 
| 285|0x0000000091d00000, 0x0000000091d00000, 0x0000000091e00000|  0%| F|  |TAMS 0x0000000091d00000, 0x0000000091d00000| Untracked 
| 286|0x0000000091e00000, 0x0000000091e00000, 0x0000000091f00000|  0%| F|  |TAMS 0x0000000091e00000, 0x0000000091e00000| Untracked 
| 287|0x0000000091f00000, 0x0000000091f00000, 0x0000000092000000|  0%| F|  |TAMS 0x0000000091f00000, 0x0000000091f00000| Untracked 
| 288|0x0000000092000000, 0x0000000092000000, 0x0000000092100000|  0%| F|  |TAMS 0x0000000092000000, 0x0000000092000000| Untracked 
| 289|0x0000000092100000, 0x0000000092100000, 0x0000000092200000|  0%| F|  |TAMS 0x0000000092100000, 0x0000000092100000| Untracked 
| 290|0x0000000092200000, 0x0000000092200000, 0x0000000092300000|  0%| F|  |TAMS 0x0000000092200000, 0x0000000092200000| Untracked 
| 291|0x0000000092300000, 0x0000000092300000, 0x0000000092400000|  0%| F|  |TAMS 0x0000000092300000, 0x0000000092300000| Untracked 
| 292|0x0000000092400000, 0x0000000092400000, 0x0000000092500000|  0%| F|  |TAMS 0x0000000092400000, 0x0000000092400000| Untracked 
| 293|0x0000000092500000, 0x0000000092500000, 0x0000000092600000|  0%| F|  |TAMS 0x0000000092500000, 0x0000000092500000| Untracked 
| 294|0x0000000092600000, 0x0000000092600000, 0x0000000092700000|  0%| F|  |TAMS 0x0000000092600000, 0x0000000092600000| Untracked 
| 295|0x0000000092700000, 0x0000000092700000, 0x0000000092800000|  0%| F|  |TAMS 0x0000000092700000, 0x0000000092700000| Untracked 
| 296|0x0000000092800000, 0x0000000092800000, 0x0000000092900000|  0%| F|  |TAMS 0x0000000092800000, 0x0000000092800000| Untracked 
| 297|0x0000000092900000, 0x0000000092900000, 0x0000000092a00000|  0%| F|  |TAMS 0x0000000092900000, 0x0000000092900000| Untracked 
| 298|0x0000000092a00000, 0x0000000092a00000, 0x0000000092b00000|  0%| F|  |TAMS 0x0000000092a00000, 0x0000000092a00000| Untracked 
| 299|0x0000000092b00000, 0x0000000092b00000, 0x0000000092c00000|  0%| F|  |TAMS 0x0000000092b00000, 0x0000000092b00000| Untracked 
| 300|0x0000000092c00000, 0x0000000092c00000, 0x0000000092d00000|  0%| F|  |TAMS 0x0000000092c00000, 0x0000000092c00000| Untracked 
| 301|0x0000000092d00000, 0x0000000092d00000, 0x0000000092e00000|  0%| F|  |TAMS 0x0000000092d00000, 0x0000000092d00000| Untracked 
| 302|0x0000000092e00000, 0x0000000092e00000, 0x0000000092f00000|  0%| F|  |TAMS 0x0000000092e00000, 0x0000000092e00000| Untracked 
| 303|0x0000000092f00000, 0x0000000092f00000, 0x0000000093000000|  0%| F|  |TAMS 0x0000000092f00000, 0x0000000092f00000| Untracked 
| 304|0x0000000093000000, 0x000000009306efc0, 0x0000000093100000| 43%| E|  |TAMS 0x0000000093000000, 0x0000000093000000| Complete 
| 305|0x0000000093100000, 0x0000000093200000, 0x0000000093200000|100%| E|CS|TAMS 0x0000000093100000, 0x0000000093100000| Complete 
| 306|0x0000000093200000, 0x0000000093300000, 0x0000000093300000|100%| E|CS|TAMS 0x0000000093200000, 0x0000000093200000| Complete 
| 307|0x0000000093300000, 0x0000000093400000, 0x0000000093400000|100%| E|CS|TAMS 0x0000000093300000, 0x0000000093300000| Complete 
| 308|0x0000000093400000, 0x0000000093500000, 0x0000000093500000|100%| E|CS|TAMS 0x0000000093400000, 0x0000000093400000| Complete 
| 309|0x0000000093500000, 0x0000000093600000, 0x0000000093600000|100%| E|CS|TAMS 0x0000000093500000, 0x0000000093500000| Complete 
| 310|0x0000000093600000, 0x0000000093700000, 0x0000000093700000|100%| E|CS|TAMS 0x0000000093600000, 0x0000000093600000| Complete 
| 311|0x0000000093700000, 0x0000000093800000, 0x0000000093800000|100%| E|CS|TAMS 0x0000000093700000, 0x0000000093700000| Complete 
| 312|0x0000000093800000, 0x0000000093900000, 0x0000000093900000|100%| E|CS|TAMS 0x0000000093800000, 0x0000000093800000| Complete 
| 313|0x0000000093900000, 0x0000000093a00000, 0x0000000093a00000|100%| E|CS|TAMS 0x0000000093900000, 0x0000000093900000| Complete 
| 314|0x0000000093a00000, 0x0000000093b00000, 0x0000000093b00000|100%| E|CS|TAMS 0x0000000093a00000, 0x0000000093a00000| Complete 
| 315|0x0000000093b00000, 0x0000000093c00000, 0x0000000093c00000|100%| E|  |TAMS 0x0000000093b00000, 0x0000000093b00000| Complete 
| 316|0x0000000093c00000, 0x0000000093d00000, 0x0000000093d00000|100%| E|CS|TAMS 0x0000000093c00000, 0x0000000093c00000| Complete 
| 317|0x0000000093d00000, 0x0000000093e00000, 0x0000000093e00000|100%| E|CS|TAMS 0x0000000093d00000, 0x0000000093d00000| Complete 

Card table byte_map: [0x00000287e68a0000,0x00000287e6ca0000] _byte_map_base: 0x00000287e64a0000

Marking Bits (Prev, Next): (CMBitMap*) 0x00000287d4036650, (CMBitMap*) 0x00000287d4036610
 Prev Bits: [0x00000287e90a0000, 0x00000287eb0a0000)
 Next Bits: [0x00000287e70a0000, 0x00000287e90a0000)

Polling page: 0x00000287d1f30000

Metaspace:

Usage:
  Non-class:     89.74 MB used.
      Class:     14.15 MB used.
       Both:    103.90 MB used.

Virtual space:
  Non-class space:       96.00 MB reserved,      90.12 MB ( 94%) committed,  12 nodes.
      Class space:        1.00 GB reserved,      14.50 MB (  1%) committed,  1 nodes.
             Both:        1.09 GB reserved,     104.62 MB (  9%) committed. 

Chunk freelists:
   Non-Class:  1.60 MB
       Class:  1.40 MB
        Both:  3.00 MB

MaxMetaspaceSize: unlimited
CompressedClassSpaceSize: 1.00 GB
Initial GC threshold: 21.00 MB
Current GC threshold: 167.44 MB
CDS: off
MetaspaceReclaimPolicy: balanced
 - commit_granule_bytes: 65536.
 - commit_granule_words: 8192.
 - virtual_space_node_default_size: 1048576.
 - enlarge_chunks_in_place: 1.
 - new_chunks_are_fully_committed: 0.
 - uncommit_free_chunks: 1.
 - use_allocation_guard: 0.
 - handle_deallocations: 1.


Internal statistics:

num_allocs_failed_limit: 9.
num_arena_births: 1116.
num_arena_deaths: 4.
num_vsnodes_births: 13.
num_vsnodes_deaths: 0.
num_space_committed: 1674.
num_space_uncommitted: 0.
num_chunks_returned_to_freelist: 14.
num_chunks_taken_from_freelist: 5033.
num_chunk_merges: 9.
num_chunk_splits: 3260.
num_chunks_enlarged: 2114.
num_purges: 2.
num_inconsistent_stats: 0.

CodeHeap 'non-profiled nmethods': size=120000Kb used=5727Kb max_used=5727Kb free=114272Kb
 bounds [0x00000287def70000, 0x00000287df510000, 0x00000287e64a0000]
CodeHeap 'profiled nmethods': size=120000Kb used=22821Kb max_used=22821Kb free=97178Kb
 bounds [0x00000287d74a0000, 0x00000287d8af0000, 0x00000287de9d0000]
CodeHeap 'non-nmethods': size=5760Kb used=2452Kb max_used=2523Kb free=3307Kb
 bounds [0x00000287de9d0000, 0x00000287dec60000, 0x00000287def70000]
 total_blobs=12635 nmethods=11634 adapters=913
 compilation: enabled
              stopped_count=0, restarted_count=0
 full_count=0

Compilation events (20 events):
Event: 43.996 Thread 0x00000287ee08b1c0 nmethod 13298 0x00000287d8ae2890 code [0x00000287d8ae2a60, 0x00000287d8ae2d68]
Event: 43.996 Thread 0x00000287ee08b1c0 13299       3       org.gradle.api.tasks.util.PatternSet::getExcludeSpecs (19 bytes)
Event: 43.997 Thread 0x00000287ee08b1c0 nmethod 13299 0x00000287d8ae2e90 code [0x00000287d8ae3060, 0x00000287d8ae3368]
Event: 44.000 Thread 0x00000287ee08b1c0 13300       3       org.gradle.api.tasks.util.PatternSet::copyFrom (9 bytes)
Event: 44.000 Thread 0x00000287ee08b1c0 nmethod 13300 0x00000287d8ae3490 code [0x00000287d8ae3640, 0x00000287d8ae38e8]
Event: 44.000 Thread 0x00000287ee08b1c0 13301       3       org.gradle.api.tasks.util.PatternSet::doCopyFrom (101 bytes)
Event: 44.001 Thread 0x00000287ee08b1c0 nmethod 13301 0x00000287d8ae3990 code [0x00000287d8ae3c40, 0x00000287d8ae4a18]
Event: 44.002 Thread 0x00000287ee08b1c0 13302       1       java.util.EnumMap::size (5 bytes)
Event: 44.002 Thread 0x00000287ee08b1c0 nmethod 13302 0x00000287df507c90 code [0x00000287df507e20, 0x00000287df507ef8]
Event: 44.002 Thread 0x00000287ee08b1c0 13303       3       org.gradle.api.specs.Specs::union (18 bytes)
Event: 44.002 Thread 0x00000287ee08b1c0 nmethod 13303 0x00000287d8ae4e10 code [0x00000287d8ae4fe0, 0x00000287d8ae52d8]
Event: 44.002 Thread 0x00000287ee08b1c0 13304       3       org.gradle.api.internal.file.collections.FileTreeAdapter::<init> (12 bytes)
Event: 44.003 Thread 0x00000287ee08b1c0 nmethod 13304 0x00000287d8ae5410 code [0x00000287d8ae55c0, 0x00000287d8ae58f8]
Event: 44.003 Thread 0x00000287ee08b1c0 13305       3       org.gradle.api.specs.NotSpec::isSatisfiedBy (19 bytes)
Event: 44.004 Thread 0x00000287ee08b1c0 nmethod 13305 0x00000287d8ae5a10 code [0x00000287d8ae5bc0, 0x00000287d8ae5de8]
Event: 44.004 Thread 0x00000287ee08b1c0 13306       3       org.gradle.api.internal.file.pattern.HasSuffixPatternStep::matches (51 bytes)
Event: 44.004 Thread 0x00000287ee08b1c0 nmethod 13306 0x00000287d8ae5e90 code [0x00000287d8ae6080, 0x00000287d8ae6588]
Event: 44.005 Thread 0x00000287ee08b1c0 13307       3       org.gradle.api.internal.file.collections.DirectoryFileTree::filter (35 bytes)
Event: 44.006 Thread 0x00000287ee08b1c0 nmethod 13307 0x00000287d8ae6790 code [0x00000287d8ae69a0, 0x00000287d8ae7388]
Event: 44.007 Thread 0x00000287ee08b1c0 13308       3       org.gradle.internal.fingerprint.impl.RelativePathFingerprintingStrategy$$Lambda$1184/0x0000000100db6b58::visitEntry (18 bytes)

GC Heap History (20 events):
Event: 22.324 GC heap before
{Heap before GC invocations=39 (full 0):
 garbage-first heap   total 145408K, used 119288K [0x0000000080000000, 0x0000000100000000)
  region size 1024K, 37 young (37888K), 3 survivors (3072K)
 Metaspace       used 98161K, committed 98752K, reserved 1138688K
  class space    used 13322K, committed 13632K, reserved 1048576K
}
Event: 22.337 GC heap after
{Heap after GC invocations=40 (full 0):
 garbage-first heap   total 175104K, used 89707K [0x0000000080000000, 0x0000000100000000)
  region size 1024K, 5 young (5120K), 5 survivors (5120K)
 Metaspace       used 98161K, committed 98752K, reserved 1138688K
  class space    used 13322K, committed 13632K, reserved 1048576K
}
Event: 23.755 GC heap before
{Heap before GC invocations=41 (full 0):
 garbage-first heap   total 175104K, used 138859K [0x0000000080000000, 0x0000000100000000)
  region size 1024K, 53 young (54272K), 5 survivors (5120K)
 Metaspace       used 100542K, committed 101248K, reserved 1138688K
  class space    used 13751K, committed 14080K, reserved 1048576K
}
Event: 23.770 GC heap after
{Heap after GC invocations=42 (full 0):
 garbage-first heap   total 175104K, used 95863K [0x0000000080000000, 0x0000000100000000)
  region size 1024K, 6 young (6144K), 6 survivors (6144K)
 Metaspace       used 100542K, committed 101248K, reserved 1138688K
  class space    used 13751K, committed 14080K, reserved 1048576K
}
Event: 23.810 GC heap before
{Heap before GC invocations=42 (full 0):
 garbage-first heap   total 175104K, used 97911K [0x0000000080000000, 0x0000000100000000)
  region size 1024K, 8 young (8192K), 6 survivors (6144K)
 Metaspace       used 100565K, committed 101248K, reserved 1138688K
  class space    used 13752K, committed 14080K, reserved 1048576K
}
Event: 23.820 GC heap after
{Heap after GC invocations=43 (full 0):
 garbage-first heap   total 175104K, used 96483K [0x0000000080000000, 0x0000000100000000)
  region size 1024K, 1 young (1024K), 1 survivors (1024K)
 Metaspace       used 100565K, committed 101248K, reserved 1138688K
  class space    used 13752K, committed 14080K, reserved 1048576K
}
Event: 24.825 GC heap before
{Heap before GC invocations=43 (full 0):
 garbage-first heap   total 175104K, used 139491K [0x0000000080000000, 0x0000000100000000)
  region size 1024K, 44 young (45056K), 1 survivors (1024K)
 Metaspace       used 101117K, committed 101760K, reserved 1138688K
  class space    used 13799K, committed 14080K, reserved 1048576K
}
Event: 24.834 GC heap after
{Heap after GC invocations=44 (full 0):
 garbage-first heap   total 175104K, used 99134K [0x0000000080000000, 0x0000000100000000)
  region size 1024K, 4 young (4096K), 4 survivors (4096K)
 Metaspace       used 101117K, committed 101760K, reserved 1138688K
  class space    used 13799K, committed 14080K, reserved 1048576K
}
Event: 25.812 GC heap before
{Heap before GC invocations=45 (full 0):
 garbage-first heap   total 181248K, used 141118K [0x0000000080000000, 0x0000000100000000)
  region size 1024K, 46 young (47104K), 4 survivors (4096K)
 Metaspace       used 101423K, committed 102080K, reserved 1138688K
  class space    used 13800K, committed 14080K, reserved 1048576K
}
Event: 25.820 GC heap after
{Heap after GC invocations=46 (full 0):
 garbage-first heap   total 181248K, used 101595K [0x0000000080000000, 0x0000000100000000)
  region size 1024K, 3 young (3072K), 3 survivors (3072K)
 Metaspace       used 101423K, committed 102080K, reserved 1138688K
  class space    used 13800K, committed 14080K, reserved 1048576K
}
Event: 25.966 GC heap before
{Heap before GC invocations=46 (full 0):
 garbage-first heap   total 181248K, used 106715K [0x0000000080000000, 0x0000000100000000)
  region size 1024K, 8 young (8192K), 3 survivors (3072K)
 Metaspace       used 101515K, committed 102208K, reserved 1138688K
  class space    used 13813K, committed 14144K, reserved 1048576K
}
Event: 25.973 GC heap after
{Heap after GC invocations=47 (full 0):
 garbage-first heap   total 181248K, used 102271K [0x0000000080000000, 0x0000000100000000)
  region size 1024K, 1 young (1024K), 1 survivors (1024K)
 Metaspace       used 101515K, committed 102208K, reserved 1138688K
  class space    used 13813K, committed 14144K, reserved 1048576K
}
Event: 26.793 GC heap before
{Heap before GC invocations=47 (full 0):
 garbage-first heap   total 181248K, used 147327K [0x0000000080000000, 0x0000000100000000)
  region size 1024K, 46 young (47104K), 1 survivors (1024K)
 Metaspace       used 102172K, committed 102848K, reserved 1138688K
  class space    used 13933K, committed 14208K, reserved 1048576K
}
Event: 26.802 GC heap after
{Heap after GC invocations=48 (full 0):
 garbage-first heap   total 181248K, used 104741K [0x0000000080000000, 0x0000000100000000)
  region size 1024K, 4 young (4096K), 4 survivors (4096K)
 Metaspace       used 102172K, committed 102848K, reserved 1138688K
  class space    used 13933K, committed 14208K, reserved 1048576K
}
Event: 28.060 GC heap before
{Heap before GC invocations=49 (full 0):
 garbage-first heap   total 188416K, used 148773K [0x0000000080000000, 0x0000000100000000)
  region size 1024K, 48 young (49152K), 4 survivors (4096K)
 Metaspace       used 104367K, committed 105152K, reserved 1146880K
  class space    used 14181K, committed 14528K, reserved 1048576K
}
Event: 28.072 GC heap after
{Heap after GC invocations=50 (full 0):
 garbage-first heap   total 188416K, used 107776K [0x0000000080000000, 0x0000000100000000)
  region size 1024K, 6 young (6144K), 6 survivors (6144K)
 Metaspace       used 104367K, committed 105152K, reserved 1146880K
  class space    used 14181K, committed 14528K, reserved 1048576K
}
Event: 28.314 GC heap before
{Heap before GC invocations=50 (full 0):
 garbage-first heap   total 188416K, used 110848K [0x0000000080000000, 0x0000000100000000)
  region size 1024K, 9 young (9216K), 6 survivors (6144K)
 Metaspace       used 104734K, committed 105408K, reserved 1146880K
  class space    used 14231K, committed 14528K, reserved 1048576K
}
Event: 28.323 GC heap after
{Heap after GC invocations=51 (full 0):
 garbage-first heap   total 188416K, used 108227K [0x0000000080000000, 0x0000000100000000)
  region size 1024K, 1 young (1024K), 1 survivors (1024K)
 Metaspace       used 104734K, committed 105408K, reserved 1146880K
  class space    used 14231K, committed 14528K, reserved 1048576K
}
Event: 29.542 GC heap before
{Heap before GC invocations=51 (full 0):
 garbage-first heap   total 188416K, used 155331K [0x0000000080000000, 0x0000000100000000)
  region size 1024K, 48 young (49152K), 1 survivors (1024K)
 Metaspace       used 105187K, committed 105856K, reserved 1146880K
  class space    used 14305K, committed 14592K, reserved 1048576K
}
Event: 29.551 GC heap after
{Heap after GC invocations=52 (full 0):
 garbage-first heap   total 325632K, used 110410K [0x0000000080000000, 0x0000000100000000)
  region size 1024K, 4 young (4096K), 4 survivors (4096K)
 Metaspace       used 105187K, committed 105856K, reserved 1146880K
  class space    used 14305K, committed 14592K, reserved 1048576K
}

Dll operation events (2 events):
Event: 0.024 Loaded shared library C:\Program Files\Android\Android Studio\jbr\bin\java.dll
Event: 0.788 Loaded shared library C:\Program Files\Android\Android Studio\jbr\bin\verify.dll

Deoptimization events (20 events):
Event: 43.860 Thread 0x00000287eeb0d2d0 Uncommon trap: trap_request=0xffffff45 fr.pc=0x00000287def9e7a0 relative=0x0000000000001660
Event: 43.860 Thread 0x00000287eeb0d2d0 Uncommon trap: reason=unstable_if action=reinterpret pc=0x00000287def9e7a0 method=java.util.concurrent.locks.AbstractQueuedSynchronizer.acquire(Ljava/util/concurrent/locks/AbstractQueuedSynchronizer$Node;IZZZJ)I @ 180 c2
Event: 43.860 Thread 0x00000287eeb0d2d0 DEOPT PACKING pc=0x00000287def9e7a0 sp=0x000000fe455f9e60
Event: 43.860 Thread 0x00000287eeb0d2d0 DEOPT UNPACKING pc=0x00000287dea269a3 sp=0x000000fe455f9e50 mode 2
Event: 43.937 Thread 0x00000287eeb0b120 Uncommon trap: trap_request=0xffffff45 fr.pc=0x00000287deff623c relative=0x000000000000067c
Event: 43.937 Thread 0x00000287eeb0b120 Uncommon trap: reason=unstable_if action=reinterpret pc=0x00000287deff623c method=com.esotericsoftware.kryo.io.Output.writeString(Ljava/lang/CharSequence;)V @ 50 c2
Event: 43.937 Thread 0x00000287eeb0b120 DEOPT PACKING pc=0x00000287deff623c sp=0x000000fe459fe560
Event: 43.937 Thread 0x00000287eeb0b120 DEOPT UNPACKING pc=0x00000287dea269a3 sp=0x000000fe459fe488 mode 2
Event: 43.937 Thread 0x00000287eeb0b120 Uncommon trap: trap_request=0xffffff45 fr.pc=0x00000287def86810 relative=0x0000000000000250
Event: 43.937 Thread 0x00000287eeb0b120 Uncommon trap: reason=unstable_if action=reinterpret pc=0x00000287def86810 method=com.esotericsoftware.kryo.io.Output.writeString(Ljava/lang/CharSequence;)V @ 50 c2
Event: 43.937 Thread 0x00000287eeb0b120 DEOPT PACKING pc=0x00000287def86810 sp=0x000000fe459fe4f0
Event: 43.937 Thread 0x00000287eeb0b120 DEOPT UNPACKING pc=0x00000287dea269a3 sp=0x000000fe459fe480 mode 2
Event: 43.994 Thread 0x00000287eeb0d2d0 Uncommon trap: trap_request=0xffffffbe fr.pc=0x00000287df028138 relative=0x0000000000000298
Event: 43.994 Thread 0x00000287eeb0d2d0 Uncommon trap: reason=profile_predicate action=maybe_recompile pc=0x00000287df028138 method=java.util.HashMap.keysToArray([Ljava/lang/Object;)[Ljava/lang/Object; @ 36 c2
Event: 43.994 Thread 0x00000287eeb0d2d0 DEOPT PACKING pc=0x00000287df028138 sp=0x000000fe455fa960
Event: 43.994 Thread 0x00000287eeb0d2d0 DEOPT UNPACKING pc=0x00000287dea269a3 sp=0x000000fe455fa900 mode 2
Event: 43.994 Thread 0x00000287eeb0d2d0 Uncommon trap: trap_request=0xffffffbe fr.pc=0x00000287df028138 relative=0x0000000000000298
Event: 43.994 Thread 0x00000287eeb0d2d0 Uncommon trap: reason=profile_predicate action=maybe_recompile pc=0x00000287df028138 method=java.util.HashMap.keysToArray([Ljava/lang/Object;)[Ljava/lang/Object; @ 36 c2
Event: 43.994 Thread 0x00000287eeb0d2d0 DEOPT PACKING pc=0x00000287df028138 sp=0x000000fe455fa960
Event: 43.994 Thread 0x00000287eeb0d2d0 DEOPT UNPACKING pc=0x00000287dea269a3 sp=0x000000fe455fa900 mode 2

Classes unloaded (2 events):
Event: 25.069 Thread 0x00000287ed597e50 Unloading class 0x0000000100dac800 'java/lang/invoke/LambdaForm$DMH+0x0000000100dac800'
Event: 25.069 Thread 0x00000287ed597e50 Unloading class 0x0000000100dac000 'java/lang/invoke/LambdaForm$DMH+0x0000000100dac000'

Classes redefined (0 events):
No events

Internal exceptions (20 events):
Event: 28.505 Thread 0x00000287eeb0bac0 Exception <a 'sun/nio/fs/WindowsException'{0x000000008b6ba120}> (0x000000008b6ba120) 
thrown [s\src\hotspot\share\prims\jni.cpp, line 517]
Event: 28.551 Thread 0x00000287eeb0bac0 Implicit null exception at 0x00000287df3bfc63 to 0x00000287df3c06c8
Event: 28.770 Thread 0x00000287eeb0c460 Exception <a 'java/lang/NoSuchMethodError'{0x000000008aa432d0}: 'void java.lang.invoke.DirectMethodHandle$Holder.invokeStatic(java.lang.Object, long)'> (0x000000008aa432d0) 
thrown [s\src\hotspot\share\interpreter\linkResolver.cpp, line 771]
Event: 28.771 Thread 0x00000287eeb0c460 Exception <a 'java/lang/NoSuchMethodError'{0x000000008aa48bd0}: 'java.lang.Object java.lang.invoke.DirectMethodHandle$Holder.newInvokeSpecial(java.lang.Object, long)'> (0x000000008aa48bd0) 
thrown [s\src\hotspot\share\interpreter\linkResolver.cpp, line 771]
Event: 28.773 Thread 0x00000287eeb0c460 Exception <a 'java/lang/NoSuchMethodError'{0x000000008aa4f968}: 'java.lang.Object java.lang.invoke.DirectMethodHandle$Holder.invokeStatic(java.lang.Object, java.lang.Object, long, java.lang.Object)'> (0x000000008aa4f968) 
thrown [s\src\hotspot\share\interpreter\linkResolver.cpp, line 771]
Event: 28.774 Thread 0x00000287eeb0c460 Exception <a 'java/lang/NoSuchMethodError'{0x000000008aa533e8}: 'java.lang.Object java.lang.invoke.DirectMethodHandle$Holder.invokeStaticInit(java.lang.Object, java.lang.Object, long, java.lang.Object)'> (0x000000008aa533e8) 
thrown [s\src\hotspot\share\interpreter\linkResolver.cpp, line 771]
Event: 29.400 Thread 0x00000287eeb0dc70 Exception <a 'sun/nio/fs/WindowsException'{0x0000000088dbabb0}> (0x0000000088dbabb0) 
thrown [s\src\hotspot\share\prims\jni.cpp, line 517]
Event: 29.634 Thread 0x00000287eeb0dc70 Exception <a 'sun/nio/fs/WindowsException'{0x0000000093b59120}> (0x0000000093b59120) 
thrown [s\src\hotspot\share\prims\jni.cpp, line 517]
Event: 31.372 Thread 0x00000287eeb0c460 Exception <a 'java/lang/NoSuchMethodError'{0x000000009370f000}: static Lorg/jetbrains/kotlin/daemon/common/LoopbackNetworkInterface$AbstractClientLoopbackSocketFactory;.<clinit>()V> (0x000000009370f000) 
thrown [s\src\hotspot\share\prims\jni.cpp, line 1108]
Event: 31.372 Thread 0x00000287eeb0c460 Exception <a 'java/lang/NoSuchMethodError'{0x000000009371a4b0}: static Lorg/jetbrains/kotlin/daemon/common/LoopbackNetworkInterface$ClientLoopbackSocketFactory;.<clinit>()V> (0x000000009371a4b0) 
thrown [s\src\hotspot\share\prims\jni.cpp, line 1108]
Event: 31.444 Thread 0x00000287eeb0c460 Exception <a 'java/lang/NoSuchMethodError'{0x00000000937671b8}: static [Ljava/rmi/server/ObjID;.<clinit>()V> (0x00000000937671b8) 
thrown [s\src\hotspot\share\prims\jni.cpp, line 1108]
Event: 31.448 Thread 0x00000287eeb0c460 Exception <a 'java/lang/NoSuchMethodError'{0x000000009379a240}: static [B.<clinit>()V> (0x000000009379a240) 
thrown [s\src\hotspot\share\prims\jni.cpp, line 1108]
Event: 31.461 Thread 0x00000287f05c2ba0 Exception <a 'java/lang/InterruptedException'{0x0000000093600000}> (0x0000000093600000) 
thrown [s\src\hotspot\share\runtime\objectMonitor.cpp, line 1648]
Event: 31.465 Thread 0x00000287f05c2ba0 Exception <a 'java/lang/NoSuchMethodError'{0x0000000093608a10}: 'java.lang.Object java.lang.invoke.DirectMethodHandle$Holder.newInvokeSpecial(java.lang.Object, java.lang.Object, int, java.lang.Object, long)'> (0x0000000093608a10) 
thrown [s\src\hotspot\share\interpreter\linkResolver.cpp, line 771]
Event: 31.687 Thread 0x00000287eeb0c460 Exception <a 'java/lang/NoSuchMethodError'{0x00000000937cb7c0}: static Lorg/jetbrains/kotlin/daemon/common/CompileService$CallResult;.<clinit>()V> (0x00000000937cb7c0) 
thrown [s\src\hotspot\share\prims\jni.cpp, line 1108]
Event: 31.689 Thread 0x00000287eeb0c460 Exception <a 'java/lang/NoSuchMethodError'{0x00000000937d6f40}: static Lorg/jetbrains/kotlin/daemon/common/CompileService$CallResult$Good;.<clinit>()V> (0x00000000937d6f40) 
thrown [s\src\hotspot\share\prims\jni.cpp, line 1108]
Event: 31.690 Thread 0x00000287eeb0c460 Exception <a 'java/lang/NoSuchMethodError'{0x00000000937e3b60}: static Lorg/jetbrains/kotlin/daemon/common/DaemonJVMOptions;.<clinit>()V> (0x00000000937e3b60) 
thrown [s\src\hotspot\share\prims\jni.cpp, line 1108]
Event: 31.698 Thread 0x00000287eeb0c460 Exception <a 'java/lang/NoSuchMethodError'{0x00000000937fa880}: static Lorg/jetbrains/kotlin/daemon/common/CompileService$CallResult$Ok;.<clinit>()V> (0x00000000937fa880) 
thrown [s\src\hotspot\share\prims\jni.cpp, line 1108]
Event: 31.728 Thread 0x00000287eeb0c460 Exception <a 'java/lang/NoSuchMethodError'{0x00000000936e3a70}: static [Ljava/lang/Integer;.<clinit>()V> (0x00000000936e3a70) 
thrown [s\src\hotspot\share\prims\jni.cpp, line 1108]
Event: 43.949 Thread 0x00000287ef353770 Exception <a 'java/lang/NoSuchMethodError'{0x0000000093268608}: static [Ljava/lang/Object;.<clinit>()V> (0x0000000093268608) 
thrown [s\src\hotspot\share\prims\jni.cpp, line 1108]

VM Operations (20 events):
Event: 29.086 Executing VM operation: ICBufferFull
Event: 29.086 Executing VM operation: ICBufferFull done
Event: 29.503 Executing VM operation: G1CollectForAllocation
Event: 29.554 Executing VM operation: G1CollectForAllocation done
Event: 30.567 Executing VM operation: Cleanup
Event: 30.604 Executing VM operation: Cleanup done
Event: 31.257 Executing VM operation: HandshakeAllThreads
Event: 31.257 Executing VM operation: HandshakeAllThreads done
Event: 31.471 Executing VM operation: HandshakeAllThreads
Event: 31.668 Executing VM operation: HandshakeAllThreads done
Event: 31.668 Executing VM operation: Cleanup
Event: 31.856 Executing VM operation: Cleanup done
Event: 33.856 Executing VM operation: Cleanup
Event: 33.856 Executing VM operation: Cleanup done
Event: 43.860 Executing VM operation: Cleanup
Event: 43.860 Executing VM operation: Cleanup done
Event: 43.932 Executing VM operation: HandshakeAllThreads
Event: 43.932 Executing VM operation: HandshakeAllThreads done
Event: 43.934 Executing VM operation: HandshakeAllThreads
Event: 43.934 Executing VM operation: HandshakeAllThreads done

Events (20 events):
Event: 31.722 loading class sun/rmi/server/UnicastServerRef$HashToMethod_Maps$1 done
Event: 31.726 loading class sun/rmi/server/LoaderHandler$Loader
Event: 31.727 loading class sun/rmi/server/LoaderHandler$Loader done
Event: 31.730 loading class java/rmi/server/ServerNotActiveException
Event: 31.730 loading class java/rmi/server/ServerNotActiveException done
Event: 31.743 loading class sun/rmi/transport/DGCAckHandler
Event: 31.743 loading class sun/rmi/transport/DGCAckHandler done
Event: 31.768 loading class sun/rmi/transport/DGCAckHandler$1
Event: 31.770 loading class sun/rmi/transport/DGCAckHandler$1 done
Event: 31.791 loading class sun/rmi/transport/tcp/TCPTransport$ConnectionHandler
Event: 31.792 loading class sun/rmi/transport/tcp/TCPTransport$ConnectionHandler done
Event: 31.792 Thread 0x00000287f05c1d30 Thread added: 0x00000287f05c1d30
Event: 31.809 loading class sun/rmi/transport/Transport$1
Event: 31.809 loading class sun/rmi/transport/Transport$1 done
Event: 31.811 loading class sun/rmi/transport/DGCImpl$LeaseInfo
Event: 31.811 loading class sun/rmi/transport/DGCImpl$LeaseInfo done
Event: 31.811 loading class sun/rmi/transport/DGCImpl$1
Event: 31.811 loading class sun/rmi/transport/DGCImpl$1 done
Event: 31.811 loading class sun/rmi/transport/SequenceEntry
Event: 31.811 loading class sun/rmi/transport/SequenceEntry done


Dynamic libraries:
0x00007ff666050000 - 0x00007ff66605a000 	C:\Program Files\Android\Android Studio\jbr\bin\java.exe
0x00007ff82d1f0000 - 0x00007ff82d407000 	C:\WINDOWS\SYSTEM32\ntdll.dll
0x00007ff82c5b0000 - 0x00007ff82c674000 	C:\WINDOWS\System32\KERNEL32.DLL
0x00007ff82a960000 - 0x00007ff82ad06000 	C:\WINDOWS\System32\KERNELBASE.dll
0x00007ff82a680000 - 0x00007ff82a791000 	C:\WINDOWS\System32\ucrtbase.dll
0x00007fffd96d0000 - 0x00007fffd96e7000 	C:\Program Files\Android\Android Studio\jbr\bin\jli.dll
0x00007ff82c8b0000 - 0x00007ff82ca5e000 	C:\WINDOWS\System32\USER32.dll
0x00007ff82a7a0000 - 0x00007ff82a7c6000 	C:\WINDOWS\System32\win32u.dll
0x00007ff82b1a0000 - 0x00007ff82b1c9000 	C:\WINDOWS\System32\GDI32.dll
0x00007ff82a840000 - 0x00007ff82a958000 	C:\WINDOWS\System32\gdi32full.dll
0x00007ff82a530000 - 0x00007ff82a5ca000 	C:\WINDOWS\System32\msvcp_win.dll
0x00007ff814540000 - 0x00007ff81455b000 	C:\Program Files\Android\Android Studio\jbr\bin\VCRUNTIME140.dll
0x00007ff814670000 - 0x00007ff814903000 	C:\WINDOWS\WinSxS\amd64_microsoft.windows.common-controls_6595b64144ccf1df_6.0.22621.2506_none_270c5ae97388e100\COMCTL32.dll
0x00007ff82c7a0000 - 0x00007ff82c847000 	C:\WINDOWS\System32\msvcrt.dll
0x00007ff82c3b0000 - 0x00007ff82c3e1000 	C:\WINDOWS\System32\IMM32.DLL
0x00007ff814530000 - 0x00007ff81453c000 	C:\Program Files\Android\Android Studio\jbr\bin\vcruntime140_1.dll
0x00007ffffa060000 - 0x00007ffffa0ed000 	C:\Program Files\Android\Android Studio\jbr\bin\msvcp140.dll
0x00007fff71650000 - 0x00007fff722be000 	C:\Program Files\Android\Android Studio\jbr\bin\server\jvm.dll
0x00007ff82c4f0000 - 0x00007ff82c5a3000 	C:\WINDOWS\System32\ADVAPI32.dll
0x00007ff82d090000 - 0x00007ff82d138000 	C:\WINDOWS\System32\sechost.dll
0x00007ff82a5d0000 - 0x00007ff82a5f8000 	C:\WINDOWS\System32\bcrypt.dll
0x00007ff82c680000 - 0x00007ff82c797000 	C:\WINDOWS\System32\RPCRT4.dll
0x00007ff81af40000 - 0x00007ff81af49000 	C:\WINDOWS\SYSTEM32\WSOCK32.dll
0x00007ff82af40000 - 0x00007ff82afb1000 	C:\WINDOWS\System32\WS2_32.dll
0x00007ff828080000 - 0x00007ff8280b4000 	C:\WINDOWS\SYSTEM32\WINMM.dll
0x00007ff81f330000 - 0x00007ff81f33a000 	C:\WINDOWS\SYSTEM32\VERSION.dll
0x00007ff829570000 - 0x00007ff829588000 	C:\WINDOWS\SYSTEM32\kernel.appcore.dll
0x00007ff80ca80000 - 0x00007ff80ca8a000 	C:\Program Files\Android\Android Studio\jbr\bin\jimage.dll
0x00007ff827b80000 - 0x00007ff827db3000 	C:\WINDOWS\SYSTEM32\DBGHELP.DLL
0x00007ff82b1d0000 - 0x00007ff82b559000 	C:\WINDOWS\System32\combase.dll
0x00007ff82ce10000 - 0x00007ff82cee7000 	C:\WINDOWS\System32\OLEAUT32.dll
0x00007ff80f140000 - 0x00007ff80f172000 	C:\WINDOWS\SYSTEM32\dbgcore.DLL
0x00007ff82a600000 - 0x00007ff82a67a000 	C:\WINDOWS\System32\bcryptPrimitives.dll
0x00007fffffc20000 - 0x00007fffffc45000 	C:\Program Files\Android\Android Studio\jbr\bin\java.dll
0x00007ffff62f0000 - 0x00007ffff6308000 	C:\Program Files\Android\Android Studio\jbr\bin\zip.dll
0x00007ff82bae0000 - 0x00007ff82c33b000 	C:\WINDOWS\System32\SHELL32.dll
0x00007ff828490000 - 0x00007ff828d86000 	C:\WINDOWS\SYSTEM32\windows.storage.dll
0x00007ff828350000 - 0x00007ff82848e000 	C:\WINDOWS\SYSTEM32\wintypes.dll
0x00007ff82c3f0000 - 0x00007ff82c4e3000 	C:\WINDOWS\System32\SHCORE.dll
0x00007ff82c350000 - 0x00007ff82c3ae000 	C:\WINDOWS\System32\shlwapi.dll
0x00007ff82a460000 - 0x00007ff82a486000 	C:\WINDOWS\SYSTEM32\profapi.dll
0x00007ffff6290000 - 0x00007ffff62a9000 	C:\Program Files\Android\Android Studio\jbr\bin\net.dll
0x00007ff824d40000 - 0x00007ff824e77000 	C:\WINDOWS\SYSTEM32\WINHTTP.dll
0x00007ff8299f0000 - 0x00007ff829a59000 	C:\WINDOWS\system32\mswsock.dll
0x00007ffff5730000 - 0x00007ffff5746000 	C:\Program Files\Android\Android Studio\jbr\bin\nio.dll
0x00007ff80bba0000 - 0x00007ff80bbb0000 	C:\Program Files\Android\Android Studio\jbr\bin\verify.dll
0x00007ff81aac0000 - 0x00007ff81aae7000 	C:\Users\Daniela\.gradle\native\68d5fa5c4cc2d200863cafc0d521ce42e7d3e7ee720ec0a83991735586a16f82\windows-amd64\native-platform.dll
0x00007fffc11f0000 - 0x00007fffc1334000 	C:\Users\Daniela\.gradle\native\e376f236ea51e6404a007f0833ffe2c6e607c4080706a723a18a27aeea778392\windows-amd64\native-platform-file-events.dll
0x00007ff80b850000 - 0x00007ff80b859000 	C:\Program Files\Android\Android Studio\jbr\bin\management.dll
0x00007ff80a730000 - 0x00007ff80a73b000 	C:\Program Files\Android\Android Studio\jbr\bin\management_ext.dll
0x00007ff82cd50000 - 0x00007ff82cd58000 	C:\WINDOWS\System32\PSAPI.DLL
0x00007ff829c40000 - 0x00007ff829c5b000 	C:\WINDOWS\SYSTEM32\CRYPTSP.dll
0x00007ff8294d0000 - 0x00007ff829505000 	C:\WINDOWS\system32\rsaenh.dll
0x00007ff829ae0000 - 0x00007ff829b0c000 	C:\WINDOWS\SYSTEM32\USERENV.dll
0x00007ff829c60000 - 0x00007ff829c6c000 	C:\WINDOWS\SYSTEM32\CRYPTBASE.dll
0x00007ff829030000 - 0x00007ff82905d000 	C:\WINDOWS\SYSTEM32\IPHLPAPI.DLL
0x00007ff82afd0000 - 0x00007ff82afd9000 	C:\WINDOWS\System32\NSI.dll
0x00007ff821c60000 - 0x00007ff821c79000 	C:\WINDOWS\SYSTEM32\dhcpcsvc6.DLL
0x00007ff821ab0000 - 0x00007ff821acf000 	C:\WINDOWS\SYSTEM32\dhcpcsvc.DLL
0x00007ff8290b0000 - 0x00007ff8291a9000 	C:\WINDOWS\SYSTEM32\DNSAPI.dll
0x00007ff80a110000 - 0x00007ff80a118000 	C:\WINDOWS\system32\wshunix.dll
0x00007ff812290000 - 0x00007ff81229a000 	C:\Windows\System32\rasadhlp.dll
0x00007ff81f100000 - 0x00007ff81f183000 	C:\WINDOWS\System32\fwpuclnt.dll
0x00007fffd27f0000 - 0x00007fffd2807000 	C:\WINDOWS\system32\napinsp.dll
0x00007fffc9a10000 - 0x00007fffc9a2b000 	C:\WINDOWS\system32\pnrpnsp.dll
0x00007fffc99f0000 - 0x00007fffc9a01000 	C:\WINDOWS\System32\winrnr.dll
0x00007ff80c5d0000 - 0x00007ff80c5e5000 	C:\WINDOWS\system32\wshbth.dll
0x00007fffc99c0000 - 0x00007fffc99e1000 	C:\WINDOWS\system32\nlansp_c.dll
0x00007ff81a6b0000 - 0x00007ff81a6ce000 	C:\Users\Daniela\AppData\Local\Temp\native-platform12451106545779344010dir\native-platform.dll
0x00007ff81a6a0000 - 0x00007ff81a6a7000 	C:\Program Files\Android\Android Studio\jbr\bin\rmi.dll

dbghelp: loaded successfully - version: 4.0.5 - missing functions: none
symbol engine: initialized successfully - sym options: 0x614 - pdb path: .;C:\Program Files\Android\Android Studio\jbr\bin;C:\WINDOWS\SYSTEM32;C:\WINDOWS\WinSxS\amd64_microsoft.windows.common-controls_6595b64144ccf1df_6.0.22621.2506_none_270c5ae97388e100;C:\Program Files\Android\Android Studio\jbr\bin\server;C:\Users\Daniela\.gradle\native\68d5fa5c4cc2d200863cafc0d521ce42e7d3e7ee720ec0a83991735586a16f82\windows-amd64;C:\Users\Daniela\.gradle\native\e376f236ea51e6404a007f0833ffe2c6e607c4080706a723a18a27aeea778392\windows-amd64;C:\Users\Daniela\AppData\Local\Temp\native-platform12451106545779344010dir

VM Arguments:
jvm_args: --add-opens=java.base/java.util=ALL-UNNAMED --add-opens=java.base/java.lang=ALL-UNNAMED --add-opens=java.base/java.lang.invoke=ALL-UNNAMED --add-opens=java.prefs/java.util.prefs=ALL-UNNAMED --add-opens=java.base/java.nio.charset=ALL-UNNAMED --add-opens=java.base/java.net=ALL-UNNAMED --add-opens=java.base/java.util.concurrent.atomic=ALL-UNNAMED -Xmx2048m -Dfile.encoding=UTF-8 -Duser.country=PT -Duser.language=pt -Duser.variant 
java_command: org.gradle.launcher.daemon.bootstrap.GradleDaemon 8.0
java_class_path (initial): C:\Users\Daniela\.gradle\wrapper\dists\gradle-8.0-bin\ca5e32bp14vu59qr306oxotwh\gradle-8.0\lib\gradle-launcher-8.0.jar
Launcher Type: SUN_STANDARD

[Global flags]
     intx CICompilerCount                          = 3                                         {product} {ergonomic}
     uint ConcGCThreads                            = 1                                         {product} {ergonomic}
     uint G1ConcRefinementThreads                  = 4                                         {product} {ergonomic}
   size_t G1HeapRegionSize                         = 1048576                                   {product} {ergonomic}
    uintx GCDrainStackTargetSize                   = 64                                        {product} {ergonomic}
   size_t InitialHeapSize                          = 132120576                                 {product} {ergonomic}
   size_t MarkStackSize                            = 4194304                                   {product} {ergonomic}
   size_t MaxHeapSize                              = 2147483648                                {product} {command line}
   size_t MaxNewSize                               = 1287651328                                {product} {ergonomic}
   size_t MinHeapDeltaBytes                        = 1048576                                   {product} {ergonomic}
   size_t MinHeapSize                              = 8388608                                   {product} {ergonomic}
    uintx NonNMethodCodeHeapSize                   = 5832780                                {pd product} {ergonomic}
    uintx NonProfiledCodeHeapSize                  = 122912730                              {pd product} {ergonomic}
    uintx ProfiledCodeHeapSize                     = 122912730                              {pd product} {ergonomic}
    uintx ReservedCodeCacheSize                    = 251658240                              {pd product} {ergonomic}
     bool SegmentedCodeCache                       = true                                      {product} {ergonomic}
   size_t SoftMaxHeapSize                          = 2147483648                             {manageable} {ergonomic}
     bool UseCompressedClassPointers               = true                           {product lp64_product} {ergonomic}
     bool UseCompressedOops                        = true                           {product lp64_product} {ergonomic}
     bool UseG1GC                                  = true                                      {product} {ergonomic}
     bool UseLargePagesIndividualAllocation        = false                                  {pd product} {ergonomic}

Logging:
Log output configuration:
 #0: stdout all=warning uptime,level,tags
 #1: stderr all=off uptime,level,tags

Environment Variables:
PATH=C:\WINDOWS\system32;C:\WINDOWS;C:\WINDOWS\System32\Wbem;C:\WINDOWS\System32\WindowsPowerShell\v1.0\;C:\WINDOWS\System32\OpenSSH\;C:\Program Files\Git\cmd;C:\Program Files\nodejs\;C:\Users\Daniela\AppData\Local\Microsoft\WindowsApps;;C:\Users\Daniela\AppData\Local\Programs\Microsoft VS Code\bin;C:\Users\Daniela\AppData\Roaming\npm
USERNAME=Daniela
OS=Windows_NT
PROCESSOR_IDENTIFIER=Intel64 Family 6 Model 142 Stepping 12, GenuineIntel
TMP=C:\Users\Daniela\AppData\Local\Temp
TEMP=C:\Users\Daniela\AppData\Local\Temp


JNI global refs:
JNI global refs: 24, weak refs: 6

JNI global refs memory usage: 843, weak refs: 841


---------------  S Y S T E M  ---------------

OS:
 Windows 11 , 64 bit Build 22621 (10.0.22621.3085)
OS uptime: 1 days 17:46 hours

CPU: total 4 (initial active 4) (2 cores per cpu, 2 threads per core) family 6 model 142 stepping 12 microcode 0xde, cx8, cmov, fxsr, ht, mmx, 3dnowpref, sse, sse2, sse3, ssse3, sse4.1, sse4.2, popcnt, lzcnt, tsc, tscinvbit, avx, avx2, aes, erms, clmul, bmi1, bmi2, adx, fma, vzeroupper, clflush, clflushopt

Memory: 4k page, system-wide physical 8025M (83M free)
TotalPageFile size 21191M (AvailPageFile size 1M)
current process WorkingSet (physical memory assigned to process): 452M, peak: 452M
current process commit charge ("private bytes"): 603M, peak: 610M

vm_info: OpenJDK 64-Bit Server VM (17.0.6+0-b2043.56-10027231) for windows-amd64 JRE (17.0.6+0-b2043.56-10027231), built on Apr 28 2023 00:43:19 by "androidbuild" with MS VC++ 16.10 / 16.11 (VS2019)

END.
